0:100  0:100  MemLog inited, TSC freq: 2712065160
0:100  0:000  CPU was calibrated with RTC
0:100  0:000  
0:100  0:000  Now is 10.11.2019,  8:36:43 (GMT)
0:100  0:000  Starting Clover revision: 5097 (master, commit d0047645) on Phoenix Technologies Ltd. EFI
0:100  0:000  Build with: [Args: -D NO_GRUB_DRIVERS_EMBEDDED -t GCC53 | -D NO_GRUB_DRIVERS_EMBEDDED --conf=/Users/sergey/src/CloverHackyColor/Conf -D USE_LOW_EBDA -a X64 -b RELEASE -t GCC53 -n 5 | OS: 10.14.6]
0:100  0:000  SelfDevicePath=PciRoot(0x0)\Pci(0x1D,0x0)\Pci(0x0,0x0)\NVMe(0x1,12-E2-17-44-8B-44-1B-00)\HD(1,GPT,89C0B8B8-DEBE-4688-9762-AE0A719A2975,0x800,0x96000) @56D39718
0:100  0:000  SelfDirPath = \EFI\CLOVER
0:100  0:000  SimpleTextEx Status=Success
0:100  0:000  === [ Get Smbios ] ========================================
0:100  0:000  Type 16 Index = 0
0:100  0:000  Total Memory Slots Count = 2
0:100  0:000  Type 17 Index = 0
0:100  0:000  SmbiosTable.Type17->Speed = 2133MHz
0:100  0:000  SmbiosTable.Type17->Size = 4096MB
0:100  0:000  SmbiosTable.Type17->Bank/Device = BANK 0 ChannelA-DIMM0
0:100  0:000  SmbiosTable.Type17->Vendor = Micron
0:100  0:000  SmbiosTable.Type17->SerialNumber = 00000000
0:100  0:000  SmbiosTable.Type17->PartNumber = 4ATF51264HZ-2G3B1   
0:100  0:000  Type 17 Index = 1
0:100  0:000  SmbiosTable.Type17->Speed = 2133MHz
0:100  0:000  SmbiosTable.Type17->Size = 4096MB
0:100  0:000  SmbiosTable.Type17->Bank/Device = BANK 2 ChannelB-DIMM0
0:100  0:000  SmbiosTable.Type17->Vendor = Micron
0:100  0:000  SmbiosTable.Type17->SerialNumber = 00000000
0:100  0:000  SmbiosTable.Type17->PartNumber = 4ATF51264HZ-2G3B1   
0:100  0:000  Boot status=0
0:100  0:000  Running on: '80VV' with board 'MIIX'
0:100  0:000  === [ GetCPUProperties ] ==================================
0:100  0:000  CPU Vendor = 756E6547 Model=806E9
0:100  0:000   The CPU supported SSE4.1
0:100  0:000  BrandString = Intel(R) Core(TM) i5-7200U CPU @ 2.50GHz
0:100  0:000   The CPU supported turbo
0:100  0:000  MSR 0x35               20004
0:100  0:000   TSC/CCC Information Leaf:
0:100  0:000    numerator     : 226
0:100  0:000    denominator   : 2
0:100  0:000   Calibrated ARTFrequency: 24000576
0:100  0:000   Rounded ARTFrequency: 24000000
0:100  0:000  MSR 0xE2 before patch 1E008006
0:100  0:000  MSR 0xE2 is locked, PM patches will be turned on
0:100  0:000  MSR 0xCE              0004043D_F1011B00
0:100  0:000  corrected FLEX_RATIO = 0
0:100  0:000  MSR 0x1B0             00000000
0:100  0:000  FSBFrequency = 89 MHz, DMI FSBFrequency = 100 MHz, Corrected FSBFrequency = 100 MHz
0:100  0:000  MaxDiv/MinDiv: 27.0/4
0:100  0:000  Turbo: 31/31/31/31
0:100  0:000  Features: 0xBFEBFBFF
0:100  0:000  Threads: 4
0:100  0:000  Cores: 2
0:100  0:000  FSB: 100 MHz
0:100  0:000  CPU: 2400 MHz
0:100  0:000  TSC: 2400 MHz
0:100  0:000  PIS: 100 MHz
0:100  0:000  ExternalClock: 25 MHz
0:100  0:000  === [ GetDevices ] ========================================
0:100  0:000  GOP found at: PciRoot(0x0)/Pci(0x2,0x0)/AcpiAdr(0x80011400)
0:100  0:000  PCI (00|00:00.00) : 8086 5904 class=060000
0:100  0:000  PCI (00|00:02.00) : 8086 5916 class=030000
0:100  0:000   - GOP: Provided by device
0:100  0:000   - GFX: Model=Intel HD Graphics 620 (Intel)
0:100  0:000  PCI (00|00:04.00) : 8086 1903 class=118000
0:100  0:000  PCI (00|00:05.00) : 8086 1919 class=048000
0:100  0:000  PCI (00|00:14.00) : 8086 9D2F class=0C0330
0:100  0:000  PCI (00|00:14.02) : 8086 9D31 class=118000
0:100  0:000  PCI (00|00:14.03) : 8086 9D32 class=048000
0:100  0:000  PCI (00|00:15.00) : 8086 9D60 class=118000
0:100  0:000  PCI (00|00:15.01) : 8086 9D61 class=118000
0:100  0:000  PCI (00|00:15.02) : 8086 9D62 class=118000
0:100  0:000  PCI (00|00:16.00) : 8086 9D3A class=078000
0:100  0:000  PCI (00|00:17.00) : 8086 9D03 class=010601
0:100  0:000  PCI (00|00:1C.00) : 8086 9D10 class=060400
0:100  0:000  PCI (00|00:1C.04) : 8086 9D14 class=060400
0:102  0:001  PCI (00|3A:00.00) : 1217 8621 class=080501
0:102  0:000  PCI (00|00:1C.05) : 8086 9D15 class=060400
0:102  0:000  PCI (00|3B:00.00) : 14E4 43B1 class=028000
0:102  0:000   - WIFI: Vendor=Broadcom
0:102  0:000  PCI (00|00:1D.00) : 8086 9D18 class=060400
0:102  0:000  PCI (00|3C:00.00) : 15B7 5002 class=010802
0:102  0:000  PCI (00|00:1E.06) : 8086 9D2D class=080501
0:102  0:000  PCI (00|00:1F.00) : 8086 9D58 class=060100
0:102  0:000  PCI (00|00:1F.02) : 8086 9D21 class=058000
0:102  0:000  PCI (00|00:1F.03) : 8086 9D71 class=040300
0:102  0:000  PCI (00|00:1F.04) : 8086 9D23 class=0C0500
0:102  0:000  === [ GetDefaultSettings ] ================================
0:103  0:000  Clover load options size = 0 bytes
0:106  0:003  EFI\CLOVER\config.plist loaded: Success
0:114  0:007  === [ GetListOfThemes ] ===================================
0:114  0:000  - [00]: Minimalism
0:116  0:001  === [ Found config plists ] ===============================
0:116  0:000  - config.plist
0:116  0:000  - configbackup.plist
0:116  0:000  === [ GetEarlyUserSettings ] ==============================
0:116  0:000  timeout set to 5
0:116  0:000  Custom boot CUSTOM_BOOT_DISABLED (0x0)
0:116  0:000  ForceKextsToLoad: 1 requested
0:116  0:000   - [0]: System\Library\Extensions\IONetworkingFamily.kext
0:116  0:000  KernelToPatch: 2 requested
0:116  0:000   - [00]: MSR 0xE2 _xcpm_idle instant reboot(c) Pike R. Alpha :: data len: 8
0:116  0:000   - [01]: Disable panic kext logging on 10.13 Release kernel :: MatchOS: 10.14 :: data len: 6
0:116  0:000  Default theme: Minimalism
0:116  0:000  Hiding entries with string Preboot
0:116  0:000  Hiding entries with string Recovery
0:116  0:000  ** Warning: unknown custom entry Type 'Other'
0:116  0:000   Custom EDID is ok
0:116  0:000  === [ LoadDrivers ] =======================================
0:117  0:000  Loading VirtualSmc.efi  status=Success
0:222  0:104  Loading AppleImageCodec-64.efi  status=Success
0:225  0:003  Loading AptioMemoryFix.efi  status=Success
0:328  0:103  Loading ApfsDriverLoader-64.efi  status=Success
0:332  0:003   - driver needs connecting
0:332  0:000  Loading AppleKeyAggregator-64.efi  status=Success
0:335  0:003  Loading AppleUITheme-64.efi  status=Success
0:338  0:003  Loading MemoryAllocation.efi  status=Success
0:342  0:003  Loading AudioDxe-64.efi  status=Success
0:345  0:003   - driver needs connecting
0:345  0:000  Loading DataHubDxe-64.efi  status=Success
0:352  0:006  Loading EmuVariableUefi-64.efi  status=Success
0:355  0:003  EmuVariableUefi Initialize: VariableCommonInitialize = Success, orig services stored, install gEmuVariableControlProtocolGuid = Success
0:355  0:000  Loading FirmwareVolume-64.efi  status=Success
0:359  0:003  Loading HFSPlus.efi  status=Success
0:365  0:005   - driver needs connecting
0:365  0:000  Loading FSInject-64.efi  status=Success
0:368  0:003  Loading apfs.efi  status=Success
0:375  0:006   - driver needs connecting
0:375  0:000  4 drivers needs connecting ...
0:375  0:000  PlatformDriverOverrideProtocol not found. Installing ... Success
0:375  0:000  HFS+ driver loaded
0:375  0:000  APFS driver loaded
0:375  0:000  Searching for invalid DiskIo BY_DRIVER connects: not found, all ok
4:304  3:928  EmuVariable InstallEmulation: orig vars copied, emu.var.services installed, CreateEvent VirtualAddressChange = Success, CreateEvent ExitBootServices = Success, set Status=Success
4:362  0:058  === [ InitScreen ] ========================================
4:362  0:000  Console modes reported: 8, available modes:
4:362  0:000   - [01]: 80x25
4:362  0:000   - [03]: 360x101 (current mode)
4:362  0:000   - [04]: 100x31
4:362  0:000   - [05]: 128x40
4:362  0:000   - [06]: 160x53
4:362  0:000   - [07]: 200x63
4:362  0:000   - [08]: 240x75
4:362  0:000  SetMaxResolution: found best mode 0: 2880x1920
4:362  0:000   - already set
4:362  0:000  SetScreenResolution: 2880x1920 - already set
4:362  0:000  reinit: self device path=PciRoot(0x0)\Pci(0x1D,0x0)\Pci(0x0,0x0)\NVMe(0x1,12-E2-17-44-8B-44-1B-00)\HD(1,GPT,89C0B8B8-DEBE-4688-9762-AE0A719A2975,0x800,0x96000)
4:363  0:000  Using embedded font: Success
4:364  0:001  === [ GetMacAddress ] =====================================
4:364  0:000  === [ ScanSPD ] ===========================================
4:366  0:002  Scanning SMBus [8086:9D23], mmio: 0xD894A004, ioport: 0xEFA0, hostc: 0x11
4:367  0:001  === [ GetAcpiTablesList ] =================================
4:375  0:007  Get Acpi Tables List from RSDT:
4:375  0:000   - [00]: FACP  CB-01    len=244
4:375  0:000   - [01]: SSDT  DptfTabl len=20736
4:375  0:000   - [02]: SSDT  Tpm2Tabl len=1224
4:375  0:000   - [03]: SSDT  MeSsdt  len=70
4:375  0:000   - [04]: TPM2  CB-01    len=52
4:375  0:000   - [05]: UEFI  CB-01    len=66
4:375  0:000   - [06]: SSDT  WmiTable len=11564
4:375  0:000   - [07]: SSDT  SaSsdt  len=12565
4:375  0:000   - [08]: APIC  CB-01    len=188
4:375  0:000   - [09]: MCFG  CB-01    len=60
4:375  0:000   - [10]: SSDT  ssdtfile len=816
4:375  0:000   - [11]: BOOT  CB-01    len=40
4:375  0:000   - [12]: SSDT  NvOptTbl len=4816
4:375  0:000   - [13]: BATB  CB-01    len=74
4:375  0:000   - [14]: SSDT  CpuSsdt len=3806
4:375  0:000   - [15]: SSDT  UsbCTabl len=4202
4:375  0:000   - [16]: LPIT  CB-01    len=148
4:375  0:000   - [17]: WSMT  CB-01    len=40
4:375  0:000   - [18]: SSDT  EInkApp len=838
4:375  0:000   - [19]: DBGP  CB-01    len=52
4:375  0:000   - [20]: DBG2  CB-01    len=84
4:375  0:000   - [21]: MSDM  CB-01    len=85
4:375  0:000   - [22]: DMAR  CB-01    len=276
4:375  0:000   - [23]: SSDT  ADebTabl len=324
4:375  0:000   - [24]: FPDT  CB-01    len=68
4:375  0:000   - [25]: BGRT  CB-01    len=56
4:375  0:000   - [26]: UEFI  CB-01    len=298
4:375  0:000  Calibrated TSC Frequency = 2712065160 = 2712MHz
4:376  0:000  === [ GetUserSettings ] ===================================
4:376  0:000   Custom EDID is ok
4:376  0:000  Can't install EdidOverride on ImageHandle
4:376  0:000  Add 1 devices:
4:376  0:000  USB FixOwnership: no
4:376  0:000  Dropping 1 tables:
4:376  0:000   - [00]: Drop table  signature="SSDT" (54445353) table-id="NvOptTbl" (6C625474704F764E)
4:376  0:000           - set table: 54445353, 6C625474704F764E to drop: yes
4:376  0:000   - final DSDT Fix mask=00060050
4:376  0:000  PatchesDSDT: 21 requested
4:376  0:000   - [00]: (change _OSI to XOSI) lenToFind: 4, lenToReplace: 4, Target Bridge: <null string>
4:376  0:000   - [01]: (change GFX0 to IGPU) lenToFind: 4, lenToReplace: 4, Target Bridge: <null string>
4:376  0:000   - [02]: (change Method(_PTS,1,N) to ZPTS, pair with SSDT-PTSWAK.aml) lenToFind: 5, lenToReplace: 5, Target Bridge: <null string>
4:376  0:000   - [03]: (change Method(_WAK,1,S) to ZWAK, pair with SSDT-PTSWAK.aml) lenToFind: 5, lenToReplace: 5, Target Bridge: <null string>
4:376  0:000   - [04]: (change Method(GPRW,2,N) to XPRW, pair with SSDT-GPRW.aml) lenToFind: 5, lenToReplace: 5, Target Bridge: <null string>
4:376  0:000   - [05]: (change Method(_BIF,0,N) to XBIF) lenToFind: 5, lenToReplace: 5, Target Bridge: <null string>
4:376  0:000   - [06]: (change Method(_BST,0,S) to XBST) lenToFind: 5, lenToReplace: 5, Target Bridge: <null string>
4:376  0:000   - [07]: (change Method(SMTF,1,N) to XMTF) lenToFind: 5, lenToReplace: 5, Target Bridge: <null string>
4:376  0:000   - [08]: (change Method(SMTE,1,N) to XMTF) lenToFind: 5, lenToReplace: 5, Target Bridge: <null string>
4:376  0:000   - [09]: (change Method(MHPF,1,N) to XHPF) lenToFind: 5, lenToReplace: 5, Target Bridge: <null string>
4:376  0:000   - [10]: (change Method(MHIF,1,N) to XHIF) lenToFind: 5, lenToReplace: 5, Target Bridge: <null string>
4:376  0:000   - [11]: (change Method(GSBI,1,N) to XSBI) lenToFind: 5, lenToReplace: 5, Target Bridge: <null string>
4:376  0:000   - [12]: (change Method(GBID,0,S) to XBID) lenToFind: 5, lenToReplace: 5, Target Bridge: <null string>
4:376  0:000   - [13]: (change BAT0._STA to BAT0.XSTA) lenToFind: 7, lenToReplace: 7, Target Bridge: <null string>
4:376  0:000   - [14]: (change EC0 to EC) lenToFind: 4, lenToReplace: 4, Target Bridge: <null string>
4:376  0:000   - [15]: (change _DSM to XDSM) lenToFind: 4, lenToReplace: 4, Target Bridge: <null string>
4:376  0:000   - [16]: (change MATH._STA to MATH.XSTA) lenToFind: 8, lenToReplace: 8, Target Bridge: <null string>
4:376  0:000   - [17]: ((RP01 only) Rename _RMV to XRMV and use with SSDT-TYPC.aml for USB-C hot plug support) lenToFind: 22, lenToReplace: 22, Target Bridge: <null string>
4:376  0:000   - [18]: ((RP05 only) Rename RP05.PXSX to RP05.SDXC and use with SSDT-SDXC.aml for SDXC) lenToFind: 9, lenToReplace: 9, Target Bridge: <null string>
4:376  0:000   - [19]: ((RP05 only) Rename RP05PXSX to RP05SDXC and use with SSDT-SDXC.aml for SDXC) lenToFind: 8, lenToReplace: 8, Target Bridge: <null string>
4:376  0:000   - [20]: ((RP05 only) Rename Device(PXSX) to SDXC and use with SSDT-SDXC.aml for SDXC) lenToFind: 119, lenToReplace: 119, Target Bridge: <null string>
4:376  0:000  Using ProductName from config: MacBookPro14,2
4:376  0:000  Using latest BiosVersion from clover
4:376  0:000  BiosVersion: MBP142.88Z.F000.B00.1909131802
4:376  0:000  BiosReleaseDate: 09/13/2019
4:376  0:000  Using EfiVersion from clover: 202.0.0.0.0
4:376  0:000  Using FirmwareFeatures from config: 0xFC0FE137
4:376  0:000  Using FirmwareFeaturesMask from config: 0xFF1FFF3F
4:376  0:000  Board-ID set from config as Mac-CAD6701F7CEA0921
4:376  0:000  BoardType: 0xA
4:376  0:000  ChassisType: 0x9
4:377  0:000  === [ Found DSDT tables ] =================================
4:865  0:487  === [ ScanVolumes ] =======================================
4:865  0:000  Found 11 volumes with blockIO
4:865  0:000  - [00]: Volume: PciRoot(0x0)\Pci(0x1D,0x0)\Pci(0x0,0x0)\NVMe(0x1,12-E2-17-44-8B-44-1B-00)
4:865  0:000  - [01]: Volume: PciRoot(0x0)\Pci(0x1D,0x0)\Pci(0x0,0x0)\NVMe(0x1,12-E2-17-44-8B-44-1B-00)\HD(1,GPT,89C0B8B8-DEBE-4688-9762-AE0A719A2975,0x800,0x96000)
4:865  0:000          Result of bootcode detection: bootable Windows (vista,win)
4:865  0:000          This is SelfVolume !!
4:865  0:000  - [02]: Volume: PciRoot(0x0)\Pci(0x1D,0x0)\Pci(0x0,0x0)\NVMe(0x1,12-E2-17-44-8B-44-1B-00)\HD(2,GPT,331EE653-C4AA-47A7-AE8D-D55AB40000F9,0x96800,0x40000)
4:865  0:000  - [03]: Volume: PciRoot(0x0)\Pci(0x1D,0x0)\Pci(0x0,0x0)\NVMe(0x1,12-E2-17-44-8B-44-1B-00)\HD(3,GPT,6AB2822D-4140-49FB-A372-441B6AF7BC1C,0xD6800,0xC800000)
4:865  0:000          Result of bootcode detection: bootable Windows (vista,win)
4:865  0:000  - [04]: Volume: PciRoot(0x0)\Pci(0x1D,0x0)\Pci(0x0,0x0)\NVMe(0x1,12-E2-17-44-8B-44-1B-00)\HD(4,GPT,D5F81C67-10D7-416B-9977-EC48212B8582,0xC8D6800,0x19000000)
4:866  0:000          Result of bootcode detection: bootable unknown (legacy)
4:866  0:000  - [05]: Volume: PciRoot(0x0)\Pci(0x1D,0x0)\Pci(0x0,0x0)\NVMe(0x1,12-E2-17-44-8B-44-1B-00)\HD(5,GPT,577E7652-0C3B-4EC0-99DE-60A3A552F151,0x258D6800,0x4EE30588)
4:866  0:000          Result of bootcode detection: bootable unknown (legacy)
4:866  0:000  - [06]: Volume: PciRoot(0x0)\Pci(0x1D,0x0)\Pci(0x0,0x0)\NVMe(0x1,12-E2-17-44-8B-44-1B-00)\HD(5,GPT,577E7652-0C3B-4EC0-99DE-60A3A552F151,0x258D6800,0x4EE30588)\VenMedia(BE74FCF7-0B7C-49F3-9147-01F4042E6842,83F8AA152141AC469F343A530CF863B8)
4:866  0:000          hiding this volume
4:866  0:000  - [07]: Volume: PciRoot(0x0)\Pci(0x1D,0x0)\Pci(0x0,0x0)\NVMe(0x1,12-E2-17-44-8B-44-1B-00)\HD(5,GPT,577E7652-0C3B-4EC0-99DE-60A3A552F151,0x258D6800,0x4EE30588)\VenMedia(BE74FCF7-0B7C-49F3-9147-01F4042E6842,D1CEE3B95A04CC4F9D99D28B6BEC6DEE)
4:866  0:000  - [08]: Volume: PciRoot(0x0)\Pci(0x1D,0x0)\Pci(0x0,0x0)\NVMe(0x1,12-E2-17-44-8B-44-1B-00)\HD(5,GPT,577E7652-0C3B-4EC0-99DE-60A3A552F151,0x258D6800,0x4EE30588)\VenMedia(BE74FCF7-0B7C-49F3-9147-01F4042E6842,D8877BA35E89A74AA8520F29EA14C657)
4:866  0:000          hiding this volume
4:866  0:000  - [09]: Volume: PciRoot(0x0)\Pci(0x1D,0x0)\Pci(0x0,0x0)\NVMe(0x1,12-E2-17-44-8B-44-1B-00)\HD(5,GPT,577E7652-0C3B-4EC0-99DE-60A3A552F151,0x258D6800,0x4EE30588)\VenMedia(BE74FCF7-0B7C-49F3-9147-01F4042E6842,0BD863350B2E58488076D46357FB80BA)
4:866  0:000  - [10]: Volume: PciRoot(0x0)\Pci(0x1D,0x0)\Pci(0x0,0x0)\NVMe(0x1,12-E2-17-44-8B-44-1B-00)\HD(5,GPT,577E7652-0C3B-4EC0-99DE-60A3A552F151,0x258D6800,0x4EE30588)\VenMedia(BE74FCF7-0B7C-49F3-9147-01F4042E6842,AC80680F76FA804583069D4A30289CBC)
4:868  0:001  Loading nvram.plist from Vol 'Mojave - pn' - loaded, size=2627
4:877  0:009  === [ PutNvramPlistToRtVars ] =============================
4:877  0:000   Adding Key: security-mode: String: Size = 4, Val = 'none'
4:877  0:000   Adding Key: csr-active-config: Size = 4, Data: 67 00 00 00 
4:877  0:000   Adding Key: specialbootdevice: Size = 122, Data: 02 01 0C 00 D0 41 03 0A 00 00 00 00 01 01 06 00 00 1D 01 01 06 00 00 00 03 17 10 00 01 00 00 00 00 1B 44 8B 44 17 E2 12 04 01 2A 00 05 00 00 00 00 68 8D 25 00 00 00 00 88 05 E3 4E 00 00 00 00 52 76 7E 57 3B 0C C0 4E 99 DE 60 A3 A5 52 F1 51 02 02 04 03 24 00 F7 FC 74 BE 7C 0B F3 49 91 47 01 F4 04 2E 68 42 D1 CE E3 B9 5A 04 CC 4F 9D 99 D2 8B 6B EC 6D EE 7F FF 04 00 
4:877  0:000   Skipping EmuVariableUefiPresent
4:877  0:000   Adding Key: fakesmc-key-RPlt-ch8*: Size = 8, Data: 6A 37 39 61 00 00 00 00 
4:877  0:000   Adding Key: fakesmc-key-EPCI-ui32: Size = 4, Data: 09 90 F0 00 
4:877  0:000   Adding Key: fakesmc-key-REV -ch8*: Size = 6, Data: 02 44 0F 00 00 01 
4:877  0:000   Adding Key: fakesmc-key-#KEY-ui32: Size = 4, Data: 00 00 00 11 
4:877  0:000   Adding Key: fakesmc-key-$Adr-ui32: Size = 4, Data: 00 00 03 00 
4:877  0:000   Adding Key: fakesmc-key-$Num-ui8: Size = 1, Data: 01 
4:877  0:000   Adding Key: fakesmc-key-RMde-char: Size = 1, Data: 41 
4:877  0:000   Adding Key: backlight-level: Size = 2, Data: 18 00 
4:877  0:000   Adding Key: fakesmc-key-RBr -ch8*: Size = 8, Data: 32 30 31 37 6D 62 70 00 
4:877  0:000   Adding Key: fakesmc-key-BEMB-flag: Size = 1, Data: 01 
4:877  0:000   Adding Key: fakesmc-key-BATP-flag: Size = 1, Data: 00 
4:877  0:000   Adding Key: fakesmc-key-BNum-ui8: Size = 1, Data: 01 
4:877  0:000   Adding Key: fakesmc-key-BBIN-ui8: Size = 1, Data: 01 
4:877  0:000   Adding Key: fakesmc-key-MSTc-ui8: Size = 1, Data: 00 
4:877  0:000   Adding Key: fakesmc-key-MSAc-ui16: Size = 2, Data: 00 00 
4:877  0:000   Adding Key: fakesmc-key-MSWr-ui8: Size = 1, Data: 00 
4:877  0:000   Adding Key: fakesmc-key-MSFW-ui8: Size = 2, Data: 01 00 
4:877  0:000   Adding Key: fakesmc-key-MSPS-ui16: Size = 2, Data: 00 03 
4:877  0:000   Adding Key: bluetoothActiveControllerInfo: Size = 16, Data: 6F 21 5C 0A 00 00 00 00 20 14 9C AD 97 D1 4E 26 
4:877  0:000   Adding Key: SystemAudioVolume: Size = 1, Data: 30 
4:877  0:000   Adding Key: SystemAudioVolumeDB: Size = 1, Data: EB 
4:877  0:000   Adding Key: fmm-computer-name: Size = 20, Data: 43 68 65 6E E2 80 99 73 20 4D 61 63 42 6F 6F 6B 20 50 72 6F 
4:877  0:000   Adding Key: LocationServicesEnabled: Size = 1, Data: 01 
4:877  0:000   Skipping OsxAptioFixDrv-RelocBase
4:877  0:000   Adding Key: boot-image: Size = 70, Data: 02 01 0C 00 D0 41 03 0A 00 00 00 00 01 01 06 00 00 1D 01 01 06 00 00 00 03 16 10 00 01 00 00 00 00 1B 44 8B 44 17 E2 12 04 04 1A 00 37 00 61 00 66 00 61 00 64 00 30 00 30 00 30 00 30 00 30 00 00 00 7F FF 04 00 
4:877  0:000   Adding Key: IOHibernateRTCVariables: Size = 44, Data: 41 41 50 4C 01 00 00 00 97 D1 94 D2 E5 A6 08 C0 34 94 04 08 08 5D D1 62 5D 33 C9 6A E8 F7 A3 5A DA 7F 68 57 59 CC 79 11 07 74 FE 6A 
4:877  0:000   Adding Key: Boot0082: Size = 210, Data: 01 00 00 00 CA 00 00 00 02 01 0C 00 D0 41 03 0A 00 00 00 00 01 01 06 00 00 1D 01 01 06 00 00 00 03 17 10 00 01 00 00 00 00 1B 44 8B 44 17 E2 12 04 01 2A 00 05 00 00 00 00 68 8D 25 00 00 00 00 88 05 E3 4E 00 00 00 00 52 76 7E 57 3B 0C C0 4E 99 DE 60 A3 A5 52 F1 51 02 02 04 03 24 00 F7 FC 74 BE 7C 0B F3 49 91 47 01 F4 04 2E 68 42 D1 CE E3 B9 5A 04 CC 4F 9D 99 D2 8B 6B EC 6D EE 04 04 50 00 5C 00 53 00 79 00 73 00 74 00 65 00 6D 00 5C 00 4C 00 69 00 62 00 72 00 61 00 72 00 79 00 5C 00 43 00 6F 00 72 00 65 00 53 00 65 00 72 00 76 00 69 00 63 00 65 00 73 00 5C 00 62 00 6F 00 6F 00 74 00 2E 00 65 00 66 00 69 00 00 00 7F FF 04 00 
4:877  0:000   Adding Key: BootNext: Size = 2, Data: 82 00 
4:877  0:000  found 2 handles with audio
4:877  0:000  No AudioIoDevice stored
4:877  0:000  no stored audio parameters
4:877  0:000  === [ InitTheme ] =========================================
4:877  0:000  use night theme
4:883  0:005  Using theme 'Minimalism' (EFI\CLOVER\themes\Minimalism)
4:883  0:000  OS main and drive as badge
4:884  0:000  file sound read: sound_night.wav Not Found
4:884  0:000  file sound read: sound.wav Not Found
4:885  0:001  Loading font from ThemeDir: Success
4:885  0:000  theme inited
4:885  0:000  Chosen theme Minimalism
4:885  0:000  after NVRAM boot-args=dart=0
4:885  0:000  === [ Dump SMC keys from NVRAM ] ==========================
4:885  0:000  found AppleSMC protocol
4:886  0:000  === [ AddCustomEntries ] ==================================
4:886  0:000  Custom entry 0 skipped because it is disabled.
4:886  0:000  === [ ScanLoader ] ========================================
4:886  0:000  - [01]: 'EFI'
4:887  0:001          AddLoaderEntry for Volume Name=EFI
4:887  0:000      Not match custom entry 0: Type: not match
4:899  0:012          AddLoaderEntry for Volume Name=EFI
4:899  0:000          skipped because entry is hidden
4:899  0:000  - [06]: 'Preboot', hidden
4:899  0:000  - [07]: 'Mojave - pn'
4:908  0:008  - [08]: 'Recovery', hidden
4:908  0:000  - [09]: 'VM'
4:915  0:007  - [10]: 'Mojave'
4:920  0:004          AddLoaderEntry for Volume Name=Mojave
4:920  0:000      Not match custom entry 0: Type: not match
4:922  0:002      hibernated: set as never
4:923  0:000          [!] Icon 18 (icons\vol_internal_apfs.icns) not found (path: EFI\CLOVER\themes\Minimalism)
4:931  0:008  === [ AddCustomTool ] =====================================
4:933  0:002  EmuVariable InstallEmulation: EFI_ALREADY_STARTED
4:933  0:000  === [ GetEfiBootDeviceFromNvram ] =========================
4:933  0:000  Default boot entry not found
4:934  0:000  EmuVariable UninstallEmulation: CloseEvent = Success, original var services restored
4:934  0:000  DefaultIndex=-1 and MainMenu.EntryCount=6
5:105  0:171  GUI ready
8:855  3:750  exit from MainMenu 8
8:855  0:000  ReinitSelfLib after theme change
8:855  0:000  reinit: self device path=PciRoot(0x0)\Pci(0x1D,0x0)\Pci(0x0,0x0)\NVMe(0x1,12-E2-17-44-8B-44-1B-00)\HD(1,GPT,89C0B8B8-DEBE-4688-9762-AE0A719A2975,0x800,0x96000)
8:856  0:000  === [ ScanVolumes ] =======================================
8:856  0:000  Found 11 volumes with blockIO
8:856  0:000  - [00]: Volume: PciRoot(0x0)\Pci(0x1D,0x0)\Pci(0x0,0x0)\NVMe(0x1,12-E2-17-44-8B-44-1B-00)
8:856  0:000  - [01]: Volume: PciRoot(0x0)\Pci(0x1D,0x0)\Pci(0x0,0x0)\NVMe(0x1,12-E2-17-44-8B-44-1B-00)\HD(1,GPT,89C0B8B8-DEBE-4688-9762-AE0A719A2975,0x800,0x96000)
8:856  0:000          Result of bootcode detection: bootable Windows (vista,win)
8:856  0:000          This is SelfVolume !!
8:856  0:000  - [02]: Volume: PciRoot(0x0)\Pci(0x1D,0x0)\Pci(0x0,0x0)\NVMe(0x1,12-E2-17-44-8B-44-1B-00)\HD(2,GPT,331EE653-C4AA-47A7-AE8D-D55AB40000F9,0x96800,0x40000)
8:856  0:000  - [03]: Volume: PciRoot(0x0)\Pci(0x1D,0x0)\Pci(0x0,0x0)\NVMe(0x1,12-E2-17-44-8B-44-1B-00)\HD(3,GPT,6AB2822D-4140-49FB-A372-441B6AF7BC1C,0xD6800,0xC800000)
8:856  0:000          Result of bootcode detection: bootable Windows (vista,win)
8:856  0:000  - [04]: Volume: PciRoot(0x0)\Pci(0x1D,0x0)\Pci(0x0,0x0)\NVMe(0x1,12-E2-17-44-8B-44-1B-00)\HD(4,GPT,D5F81C67-10D7-416B-9977-EC48212B8582,0xC8D6800,0x19000000)
8:857  0:000          Result of bootcode detection: bootable unknown (legacy)
8:857  0:000  - [05]: Volume: PciRoot(0x0)\Pci(0x1D,0x0)\Pci(0x0,0x0)\NVMe(0x1,12-E2-17-44-8B-44-1B-00)\HD(5,GPT,577E7652-0C3B-4EC0-99DE-60A3A552F151,0x258D6800,0x4EE30588)
8:857  0:000          Result of bootcode detection: bootable unknown (legacy)
8:857  0:000  - [06]: Volume: PciRoot(0x0)\Pci(0x1D,0x0)\Pci(0x0,0x0)\NVMe(0x1,12-E2-17-44-8B-44-1B-00)\HD(5,GPT,577E7652-0C3B-4EC0-99DE-60A3A552F151,0x258D6800,0x4EE30588)\VenMedia(BE74FCF7-0B7C-49F3-9147-01F4042E6842,83F8AA152141AC469F343A530CF863B8)
8:857  0:000  - [07]: Volume: PciRoot(0x0)\Pci(0x1D,0x0)\Pci(0x0,0x0)\NVMe(0x1,12-E2-17-44-8B-44-1B-00)\HD(5,GPT,577E7652-0C3B-4EC0-99DE-60A3A552F151,0x258D6800,0x4EE30588)\VenMedia(BE74FCF7-0B7C-49F3-9147-01F4042E6842,D1CEE3B95A04CC4F9D99D28B6BEC6DEE)
8:857  0:000  - [08]: Volume: PciRoot(0x0)\Pci(0x1D,0x0)\Pci(0x0,0x0)\NVMe(0x1,12-E2-17-44-8B-44-1B-00)\HD(5,GPT,577E7652-0C3B-4EC0-99DE-60A3A552F151,0x258D6800,0x4EE30588)\VenMedia(BE74FCF7-0B7C-49F3-9147-01F4042E6842,D8877BA35E89A74AA8520F29EA14C657)
8:857  0:000  - [09]: Volume: PciRoot(0x0)\Pci(0x1D,0x0)\Pci(0x0,0x0)\NVMe(0x1,12-E2-17-44-8B-44-1B-00)\HD(5,GPT,577E7652-0C3B-4EC0-99DE-60A3A552F151,0x258D6800,0x4EE30588)\VenMedia(BE74FCF7-0B7C-49F3-9147-01F4042E6842,0BD863350B2E58488076D46357FB80BA)
8:857  0:000  - [10]: Volume: PciRoot(0x0)\Pci(0x1D,0x0)\Pci(0x0,0x0)\NVMe(0x1,12-E2-17-44-8B-44-1B-00)\HD(5,GPT,577E7652-0C3B-4EC0-99DE-60A3A552F151,0x258D6800,0x4EE30588)\VenMedia(BE74FCF7-0B7C-49F3-9147-01F4042E6842,AC80680F76FA804583069D4A30289CBC)
8:857  0:000  found 2 handles with audio
8:857  0:000  No AudioIoDevice stored
8:857  0:000  no stored audio parameters
8:857  0:000  theme inited
8:857  0:000  Chosen theme Minimalism
8:858  0:000  after NVRAM boot-args=dart=0
8:858  0:000  === [ AddCustomEntries ] ==================================
8:858  0:000  Custom entry 0 skipped because it is disabled.
8:858  0:000  === [ ScanLoader ] ========================================
8:858  0:000  - [01]: 'EFI'
8:859  0:001          AddLoaderEntry for Volume Name=EFI
8:859  0:000      Not match custom entry 0: Type: not match
8:869  0:010          AddLoaderEntry for Volume Name=EFI
8:869  0:000      Skipped because matching custom entry 0!
8:869  0:000  - [06]: 'Preboot'
8:870  0:000          AddLoaderEntry for Volume Name=Preboot
8:870  0:000      Not match custom entry 0: Type: not match
8:870  0:000      hibernated: set as never
8:879  0:008  - [07]: 'Mojave - pn'
8:886  0:007  - [08]: 'Recovery'
8:886  0:000          AddLoaderEntry for Volume Name=Recovery
8:886  0:000      Not match custom entry 0: Type: not match
8:896  0:009  - [09]: 'VM'
8:903  0:007  - [10]: 'Mojave'
8:903  0:000          AddLoaderEntry for Volume Name=Mojave
8:903  0:000      Not match custom entry 0: Type: not match
8:904  0:000      hibernated: set as never
8:912  0:008  === [ AddCustomTool ] =====================================
8:912  0:000  EmuVariable InstallEmulation: orig vars copied, emu.var.services installed, CreateEvent VirtualAddressChange = Success, CreateEvent ExitBootServices = Success, set Status=Success
8:969  0:056  === [ GetEfiBootDeviceFromNvram ] =========================
8:969  0:000  Default boot entry not found
8:969  0:000  EmuVariable UninstallEmulation: CloseEvent = Success, original var services restored
8:969  0:000  DefaultIndex=-1 and MainMenu.EntryCount=8
11:247  2:277  exit from MainMenu 8
11:247  0:000  ReinitSelfLib after theme change
11:247  0:000  reinit: self device path=PciRoot(0x0)\Pci(0x1D,0x0)\Pci(0x0,0x0)\NVMe(0x1,12-E2-17-44-8B-44-1B-00)\HD(1,GPT,89C0B8B8-DEBE-4688-9762-AE0A719A2975,0x800,0x96000)
11:248  0:000  === [ ScanVolumes ] =======================================
11:248  0:000  Found 11 volumes with blockIO
11:248  0:000  - [00]: Volume: PciRoot(0x0)\Pci(0x1D,0x0)\Pci(0x0,0x0)\NVMe(0x1,12-E2-17-44-8B-44-1B-00)
11:248  0:000  - [01]: Volume: PciRoot(0x0)\Pci(0x1D,0x0)\Pci(0x0,0x0)\NVMe(0x1,12-E2-17-44-8B-44-1B-00)\HD(1,GPT,89C0B8B8-DEBE-4688-9762-AE0A719A2975,0x800,0x96000)
11:248  0:000          Result of bootcode detection: bootable Windows (vista,win)
11:248  0:000          This is SelfVolume !!
11:248  0:000  - [02]: Volume: PciRoot(0x0)\Pci(0x1D,0x0)\Pci(0x0,0x0)\NVMe(0x1,12-E2-17-44-8B-44-1B-00)\HD(2,GPT,331EE653-C4AA-47A7-AE8D-D55AB40000F9,0x96800,0x40000)
11:248  0:000  - [03]: Volume: PciRoot(0x0)\Pci(0x1D,0x0)\Pci(0x0,0x0)\NVMe(0x1,12-E2-17-44-8B-44-1B-00)\HD(3,GPT,6AB2822D-4140-49FB-A372-441B6AF7BC1C,0xD6800,0xC800000)
11:248  0:000          Result of bootcode detection: bootable Windows (vista,win)
11:248  0:000  - [04]: Volume: PciRoot(0x0)\Pci(0x1D,0x0)\Pci(0x0,0x0)\NVMe(0x1,12-E2-17-44-8B-44-1B-00)\HD(4,GPT,D5F81C67-10D7-416B-9977-EC48212B8582,0xC8D6800,0x19000000)
11:248  0:000          Result of bootcode detection: bootable unknown (legacy)
11:248  0:000  - [05]: Volume: PciRoot(0x0)\Pci(0x1D,0x0)\Pci(0x0,0x0)\NVMe(0x1,12-E2-17-44-8B-44-1B-00)\HD(5,GPT,577E7652-0C3B-4EC0-99DE-60A3A552F151,0x258D6800,0x4EE30588)
11:249  0:000          Result of bootcode detection: bootable unknown (legacy)
11:249  0:000  - [06]: Volume: PciRoot(0x0)\Pci(0x1D,0x0)\Pci(0x0,0x0)\NVMe(0x1,12-E2-17-44-8B-44-1B-00)\HD(5,GPT,577E7652-0C3B-4EC0-99DE-60A3A552F151,0x258D6800,0x4EE30588)\VenMedia(BE74FCF7-0B7C-49F3-9147-01F4042E6842,83F8AA152141AC469F343A530CF863B8)
11:249  0:000          hiding this volume
11:249  0:000  - [07]: Volume: PciRoot(0x0)\Pci(0x1D,0x0)\Pci(0x0,0x0)\NVMe(0x1,12-E2-17-44-8B-44-1B-00)\HD(5,GPT,577E7652-0C3B-4EC0-99DE-60A3A552F151,0x258D6800,0x4EE30588)\VenMedia(BE74FCF7-0B7C-49F3-9147-01F4042E6842,D1CEE3B95A04CC4F9D99D28B6BEC6DEE)
11:249  0:000  - [08]: Volume: PciRoot(0x0)\Pci(0x1D,0x0)\Pci(0x0,0x0)\NVMe(0x1,12-E2-17-44-8B-44-1B-00)\HD(5,GPT,577E7652-0C3B-4EC0-99DE-60A3A552F151,0x258D6800,0x4EE30588)\VenMedia(BE74FCF7-0B7C-49F3-9147-01F4042E6842,D8877BA35E89A74AA8520F29EA14C657)
11:249  0:000          hiding this volume
11:249  0:000  - [09]: Volume: PciRoot(0x0)\Pci(0x1D,0x0)\Pci(0x0,0x0)\NVMe(0x1,12-E2-17-44-8B-44-1B-00)\HD(5,GPT,577E7652-0C3B-4EC0-99DE-60A3A552F151,0x258D6800,0x4EE30588)\VenMedia(BE74FCF7-0B7C-49F3-9147-01F4042E6842,0BD863350B2E58488076D46357FB80BA)
11:249  0:000  - [10]: Volume: PciRoot(0x0)\Pci(0x1D,0x0)\Pci(0x0,0x0)\NVMe(0x1,12-E2-17-44-8B-44-1B-00)\HD(5,GPT,577E7652-0C3B-4EC0-99DE-60A3A552F151,0x258D6800,0x4EE30588)\VenMedia(BE74FCF7-0B7C-49F3-9147-01F4042E6842,AC80680F76FA804583069D4A30289CBC)
11:249  0:000  found 2 handles with audio
11:249  0:000  No AudioIoDevice stored
11:249  0:000  no stored audio parameters
11:249  0:000  theme inited
11:249  0:000  Chosen theme Minimalism
11:250  0:000  after NVRAM boot-args=dart=0
11:250  0:000  === [ AddCustomEntries ] ==================================
11:250  0:000  Custom entry 0 skipped because it is disabled.
11:250  0:000  === [ ScanLoader ] ========================================
11:250  0:000  - [01]: 'EFI'
11:251  0:001          AddLoaderEntry for Volume Name=EFI
11:251  0:000      Not match custom entry 0: Type: not match
11:261  0:010          AddLoaderEntry for Volume Name=EFI
11:261  0:000          skipped because entry is hidden
11:261  0:000  - [06]: 'Preboot', hidden
11:261  0:000  - [07]: 'Mojave - pn'
11:268  0:007  - [08]: 'Recovery', hidden
11:268  0:000  - [09]: 'VM'
11:275  0:007  - [10]: 'Mojave'
11:276  0:000          AddLoaderEntry for Volume Name=Mojave
11:276  0:000      Not match custom entry 0: Type: not match
11:276  0:000      hibernated: set as never
11:285  0:008  === [ AddCustomTool ] =====================================
11:285  0:000  EmuVariable InstallEmulation: orig vars copied, emu.var.services installed, CreateEvent VirtualAddressChange = Success, CreateEvent ExitBootServices = Success, set Status=Success
11:342  0:056  === [ GetEfiBootDeviceFromNvram ] =========================
11:342  0:000  Default boot entry not found
11:342  0:000  EmuVariable UninstallEmulation: CloseEvent = Success, original var services restored
11:342  0:000  DefaultIndex=-1 and MainMenu.EntryCount=6
14:010  2:668  Found UEFI Acpi 2.0 RSDP at 5BEFD014
14:010  0:000  Saving ACPI tables from RSDP 5BEFD014 to EFI\CLOVER\ACPI\origin ...
14:010  0:000   5BEFD014: 'RSD PTR ', Rev: 2 (Acpi 2.0 or newer), Len: 36 -> RSDP.aml
14:023  0:012    (Xsdt: 5BEBA188, Rsdt: 5BEBA0C4)
14:023  0:000    5BEBA188: 'XSDT', 'CB-01', Rev: 1, Len: 252 -> XSDT.aml
14:031  0:008    5BEBA0C4: 'RSDT', 'CB-01', Rev: 1, Len: 144 -> RSDT.aml
14:039  0:008    Tables in Xsdt: 27
14:039  0:000    0. 5BEEB000: 'FACP', 'CB-01', Rev: 5, Len: 244 -> FACP.aml
14:047  0:008        (Dsdt: 5BEC8000, Facs: 5BD64000, XDsdt: 5BEC8000, XFacs: 0)
14:047  0:000        5BEC8000: 'DSDT', 'SKL', Rev: 2, Len: 132166 -> DSDT.aml
14:060  0:012        5BD64000: 'FACS', Ver: 2, Len: 64 -> FACS.aml
14:068  0:008    1. 5BEF6000: 'SSDT', 'DptfTabl', Rev: 2, Len: 20736 -> SSDT-0-DptfTabl.aml
14:076  0:008    2. 5BEF5000: 'SSDT', 'Tpm2Tabl', Rev: 2, Len: 1224 -> SSDT-1-Tpm2Tabl.aml
14:084  0:008    3. 5BEF4000: 'SSDT', 'MeSsdt', Rev: 2, Len: 70 -> SSDT-2-MeSsdt.aml
14:093  0:008    4. 5BEF3000: 'TPM2', 'CB-01', Rev: 3, Len: 52 -> TPM2.aml
14:101  0:008    5. 5BD82000: 'UEFI', 'CB-01', Rev: 1, Len: 66 -> UEFI.aml
14:109  0:008    6. 5BEF0000: 'SSDT', 'WmiTable', Rev: 2, Len: 11564 -> SSDT-3-WmiTable.aml
14:117  0:008    7. 5BEEC000: 'SSDT', 'SaSsdt', Rev: 2, Len: 12565 -> SSDT-4-SaSsdt.aml
14:125  0:008    8. 5BEEA000: 'APIC', 'CB-01', Rev: 3, Len: 188 -> APIC.aml
14:133  0:008    9. 5BEE9000: 'MCFG', 'CB-01', Rev: 1, Len: 60 -> MCFG.aml
14:141  0:008    10. 5BEC7000: 'SSDT', 'ssdtfile', Rev: 1, Len: 816 -> SSDT-5-ssdtfile.aml
14:149  0:008    11. 5BEC6000: 'BOOT', 'CB-01', Rev: 1, Len: 40 -> BOOT.aml
14:157  0:008    12. 5BEC4000: 'SSDT', 'NvOptTbl', Rev: 1, Len: 4816 -> SSDT-6-NvOptTbl.aml
14:165  0:008    13. 5BEC3000: 'BATB', 'CB-01', Rev: 2, Len: 74 -> BATB.aml
14:173  0:007    14. 5BEC2000: 'SSDT', 'CpuSsdt', Rev: 2, Len: 3806 -> SSDT-7-CpuSsdt.aml (Found hidden SSDT 7 pcs)
14:181  0:008        * 5BC74498: 'SSDT', 'Cpu0Ist', Rev: 2, Len: 1716  53 53 44 54 B4 06 00 00 02 FA 50 6D 52 65 66 00 Internal length = 1716 -> SSDT-x7_0-Cpu0Ist.aml
14:189  0:008        * 5BC03018: 'SSDT', 'ApIst', Rev: 2, Len: 1628  53 53 44 54 5C 06 00 00 02 AF 50 6D 52 65 66 00 Internal length = 1628 -> SSDT-x7_1-ApIst.aml
14:197  0:008        * 5BC03718: 'SSDT', 'Cpu0Cst', Rev: 2, Len: 1023  53 53 44 54 FF 03 00 00 02 AF 50 6D 52 65 66 00 Internal length = 1023 -> SSDT-x7_2-Cpu0Cst.aml
14:205  0:008        * 5BC03B98: 'SSDT', 'ApCst', Rev: 2, Len: 394  53 53 44 54 8A 01 00 00 02 39 50 6D 52 65 66 00 Internal length = 394 -> SSDT-x7_3-ApCst.aml
14:213  0:007        * 5BC74B98: 'SSDT', 'Cpu0Hwp', Rev: 2, Len: 277  53 53 44 54 15 01 00 00 02 AE 50 6D 52 65 66 00 Internal length = 277 -> SSDT-x7_4-Cpu0Hwp.aml
14:221  0:008        * 5BC03D98: 'SSDT', 'ApHwp', Rev: 2, Len: 407  53 53 44 54 97 01 00 00 02 F1 50 6D 52 65 66 00 Internal length = 407 -> SSDT-x7_5-ApHwp.aml
14:230  0:008        * 5BC74D18: 'SSDT', 'HwpLvt', Rev: 2, Len: 420  53 53 44 54 A4 01 00 00 02 3C 50 6D 52 65 66 00 Internal length = 420 -> SSDT-x7_6-HwpLvt.aml
14:238  0:008  
14:238  0:000    15. 5BEC0000: 'SSDT', 'UsbCTabl', Rev: 2, Len: 4202 -> SSDT-8-UsbCTabl.aml
14:246  0:008    16. 5BEBF000: 'LPIT', 'CB-01', Rev: 1, Len: 148 -> LPIT.aml
14:254  0:008    17. 5BEBE000: 'WSMT', 'CB-01', Rev: 1, Len: 40 -> WSMT.aml
14:262  0:008    18. 5BEBD000: 'SSDT', 'EInkApp', Rev: 1, Len: 838 -> SSDT-9-EInkApp.aml
14:270  0:008    19. 5BEBC000: 'DBGP', 'CB-01', Rev: 1, Len: 52 -> DBGP.aml
14:278  0:008    20. 5BEBB000: 'DBG2', 'CB-01', Rev: 0, Len: 84 -> DBG2.aml
14:286  0:008    21. 5BEFC000: 'MSDM', 'CB-01', Rev: 3, Len: 85 -> MSDM.aml
14:294  0:008    22. 5BEB9000: 'DMAR', 'CB-01', Rev: 1, Len: 276 -> DMAR.aml
14:302  0:008    23. 5BEB8000: 'SSDT', 'ADebTabl', Rev: 2, Len: 324 -> SSDT-10-ADebTabl.aml
14:310  0:008    24. 5BEB7000: 'FPDT', 'CB-01', Rev: 1, Len: 68 -> FPDT.aml
14:318  0:008    25. 5BEB6000: 'BGRT', 'CB-01', Rev: 1, Len: 56 -> BGRT.aml
14:326  0:008    26. 5BD51000: 'UEFI', 'CB-01', Rev: 1, Len: 298 -> UEFI.aml
14:339  0:012    Tables in Rsdt: 27
14:339  0:000    0. 5BEEB000: 'FACP', 'CB-01', Rev: 5, Len: 244
14:339  0:000        (Dsdt: 5BEC8000, Facs: 5BD64000, XDsdt: 5BEC8000, XFacs: 0)
14:339  0:000        5BEC8000: 'DSDT', 'SKL', Rev: 2, Len: 132166
14:340  0:001        5BD64000: 'FACS', Ver: 2, Len: 64
14:340  0:000    1. 5BEF6000: 'SSDT', 'DptfTabl', Rev: 2, Len: 20736
14:340  0:000    2. 5BEF5000: 'SSDT', 'Tpm2Tabl', Rev: 2, Len: 1224
14:340  0:000    3. 5BEF4000: 'SSDT', 'MeSsdt', Rev: 2, Len: 70
14:340  0:000    4. 5BEF3000: 'TPM2', 'CB-01', Rev: 3, Len: 52
14:340  0:000    5. 5BD82000: 'UEFI', 'CB-01', Rev: 1, Len: 66
14:340  0:000    6. 5BEF0000: 'SSDT', 'WmiTable', Rev: 2, Len: 11564
14:340  0:000    7. 5BEEC000: 'SSDT', 'SaSsdt', Rev: 2, Len: 12565
14:340  0:000    8. 5BEEA000: 'APIC', 'CB-01', Rev: 3, Len: 188
14:340  0:000    9. 5BEE9000: 'MCFG', 'CB-01', Rev: 1, Len: 60
14:340  0:000    10. 5BEC7000: 'SSDT', 'ssdtfile', Rev: 1, Len: 816
14:340  0:000    11. 5BEC6000: 'BOOT', 'CB-01', Rev: 1, Len: 40
14:340  0:000    12. 5BEC4000: 'SSDT', 'NvOptTbl', Rev: 1, Len: 4816
14:340  0:000    13. 5BEC3000: 'BATB', 'CB-01', Rev: 2, Len: 74
14:340  0:000    14. 5BEC2000: 'SSDT', 'CpuSsdt', Rev: 2, Len: 3806
14:340  0:000    15. 5BEC0000: 'SSDT', 'UsbCTabl', Rev: 2, Len: 4202
14:340  0:000    16. 5BEBF000: 'LPIT', 'CB-01', Rev: 1, Len: 148
14:340  0:000    17. 5BEBE000: 'WSMT', 'CB-01', Rev: 1, Len: 40
14:340  0:000    18. 5BEBD000: 'SSDT', 'EInkApp', Rev: 1, Len: 838
14:340  0:000    19. 5BEBC000: 'DBGP', 'CB-01', Rev: 1, Len: 52
14:340  0:000    20. 5BEBB000: 'DBG2', 'CB-01', Rev: 0, Len: 84
14:340  0:000    21. 5BEFC000: 'MSDM', 'CB-01', Rev: 3, Len: 85
14:340  0:000    22. 5BEB9000: 'DMAR', 'CB-01', Rev: 1, Len: 276
14:340  0:000    23. 5BEB8000: 'SSDT', 'ADebTabl', Rev: 2, Len: 324
14:340  0:000    24. 5BEB7000: 'FPDT', 'CB-01', Rev: 1, Len: 68
14:340  0:000    25. 5BEB6000: 'BGRT', 'CB-01', Rev: 1, Len: 56
14:340  0:000    26. 5BD51000: 'UEFI', 'CB-01', Rev: 1, Len: 298
14:340  0:000  Found UEFI Acpi 1.0 RSDP at 5BEFD000
14:340  0:000  Printing ACPI tables from RSDP 5BEFD000 ...
14:340  0:000   5BEFD000: 'RSD PTR ', Rev: 0 (Acpi 1.0), Len: 20
14:340  0:000    (Rsdt: 5BEBA000)
14:340  0:000    5BEBA000: 'RSDT', 'CB-01', Rev: 1, Len: 144
14:340  0:000    Tables in Rsdt: 27
14:340  0:000    0. 5BEEB000: 'FACP', 'CB-01', Rev: 5, Len: 244
14:340  0:000        (Dsdt: 5BEC8000, Facs: 5BD64000, XDsdt: 5BEC8000, XFacs: 0)
14:340  0:000        5BEC8000: 'DSDT', 'SKL', Rev: 2, Len: 132166
14:341  0:001        5BD64000: 'FACS', Ver: 2, Len: 64
14:341  0:000    1. 5BEF6000: 'SSDT', 'DptfTabl', Rev: 2, Len: 20736
14:341  0:000    2. 5BEF5000: 'SSDT', 'Tpm2Tabl', Rev: 2, Len: 1224
14:341  0:000    3. 5BEF4000: 'SSDT', 'MeSsdt', Rev: 2, Len: 70
14:341  0:000    4. 5BEF3000: 'TPM2', 'CB-01', Rev: 3, Len: 52
14:341  0:000    5. 5BD82000: 'UEFI', 'CB-01', Rev: 1, Len: 66
14:341  0:000    6. 5BEF0000: 'SSDT', 'WmiTable', Rev: 2, Len: 11564
14:341  0:000    7. 5BEEC000: 'SSDT', 'SaSsdt', Rev: 2, Len: 12565
14:341  0:000    8. 5BEEA000: 'APIC', 'CB-01', Rev: 3, Len: 188
14:341  0:000    9. 5BEE9000: 'MCFG', 'CB-01', Rev: 1, Len: 60
14:341  0:000    10. 5BEC7000: 'SSDT', 'ssdtfile', Rev: 1, Len: 816
14:341  0:000    11. 5BEC6000: 'BOOT', 'CB-01', Rev: 1, Len: 40
14:341  0:000    12. 5BEC4000: 'SSDT', 'NvOptTbl', Rev: 1, Len: 4816
14:341  0:000    13. 5BEC3000: 'BATB', 'CB-01', Rev: 2, Len: 74
14:341  0:000    14. 5BEC2000: 'SSDT', 'CpuSsdt', Rev: 2, Len: 3806
14:341  0:000    15. 5BEC0000: 'SSDT', 'UsbCTabl', Rev: 2, Len: 4202
14:341  0:000    16. 5BEBF000: 'LPIT', 'CB-01', Rev: 1, Len: 148
14:341  0:000    17. 5BEBE000: 'WSMT', 'CB-01', Rev: 1, Len: 40
14:341  0:000    18. 5BEBD000: 'SSDT', 'EInkApp', Rev: 1, Len: 838
14:341  0:000    19. 5BEBC000: 'DBGP', 'CB-01', Rev: 1, Len: 52
14:341  0:000    20. 5BEBB000: 'DBG2', 'CB-01', Rev: 0, Len: 84
14:341  0:000    21. 5BEFC000: 'MSDM', 'CB-01', Rev: 3, Len: 85
14:341  0:000    22. 5BEB9000: 'DMAR', 'CB-01', Rev: 1, Len: 276
14:341  0:000    23. 5BEB8000: 'SSDT', 'ADebTabl', Rev: 2, Len: 324
14:341  0:000    24. 5BEB7000: 'FPDT', 'CB-01', Rev: 1, Len: 68
14:341  0:000    25. 5BEB6000: 'BGRT', 'CB-01', Rev: 1, Len: 56
14:341  0:000    26. 5BD51000: 'UEFI', 'CB-01', Rev: 1, Len: 298
21:632  7:290  exit from MainMenu 1
21:632  0:000  BootVariable of the entry is empty
21:632  0:000  === [ StartLoader ] =======================================
21:632  0:000  Finally: ExternalClock=26MHz BusSpeed=100447kHz CPUFreq=-4294964584MHz PIS: hw.busfrequency=104000000Hz
21:632  0:000  Loading boot.efi  status=Success
21:739  0:106  GetOSVersion: 10.15.1 (19B88)
21:739  0:000  CSR_CFG: CSR_ALLOW_UNTRUSTED_KEXTS | CSR_ALLOW_UNRESTRICTED_FS | CSR_ALLOW_TASK_FOR_PID | CSR_ALLOW_UNRESTRICTED_DTRACE | CSR_ALLOW_UNRESTRICTED_NVRAM
21:739  0:000  Filtering KernelPatches:
21:739  0:000   - [00]: MSR 0xE2 _xcpm_idle instant reboot(c) Pike R. Alpha :: [OS: 10.15.1 | MatchOS: All | MatchBuild: no] ==> allowed by OS
21:739  0:000   - [01]: Disable panic kext logging on 10.13 Release kernel :: [OS: 10.15.1 | MatchOS: 10.14 | MatchBuild: no] ==> disabled by user
21:739  0:000  Will not patch boot.efi
21:739  0:000  EmuVariable InstallEmulation: orig vars copied, emu.var.services installed, CreateEvent VirtualAddressChange = Success, CreateEvent ExitBootServices = Success, set Status=Success
21:796  0:057  === [ PatchSmbios ] =======================================
21:796  0:000  insert table 9 for dev 0:0
21:796  0:000  Table 11 present, but rewritten for us
21:797  0:000  Trusting SMBIOS...
21:797  0:000  Detected alternating SMBIOS channel banks
21:797  0:000  Channels: 2
21:797  0:000  Interleave: 0 2 1 3 4 6 5 7 8 10 9 11 12 14 13 15 16 18 17 19 20 22 21 23
21:797  0:000   partNum=4ATF51264HZ-2G3B1   
21:797  0:000  SMBIOS Type 17 Index = 0 => 0 0:
21:797  0:000  BANK 0 DIMM0 2133MHz 4096MB
21:797  0:000   partNum=4ATF51264HZ-2G3B1   
21:797  0:000  SMBIOS Type 17 Index = 1 => 1 2:
21:797  0:000  BANK 1 DIMM0 2133MHz 4096MB
21:797  0:000  mTotalSystemMemory = 8192
21:797  0:000  NumberOfMemoryDevices = 2
21:797  0:000  Table 131 is present, CPUType=10
21:797  0:000  Change to: 605
21:797  0:000  Table 133 is present, PlatformFeature=4F484B01
21:797  0:000  Change to: 1A
21:797  0:000  === [ PatchACPI ] =========================================
21:797  0:000  Xsdt reallocation done
21:797  0:000  old FADT length=F4
21:797  0:000   SignatureFixup: 0x2EEE -> 0x0
21:797  0:000  Apply DsdtFixMask=0x00060050
21:797  0:000     drop _DSM mask=0xFFFF
21:797  0:000  === [ FixBiosDsdt ] =======================================
21:799  0:002  Patching DSDT:
21:799  0:000   - [change _OSI to XOSI]: pattern 5F4F5349, patched at: [ (12BD3) (3) (11) (18) (1C) (1C) (1A) (18) (18) (18) (18) (2C5C) ]
21:800  0:000   - [change GFX0 to IGPU]: pattern 47465830, patched at: [ (51) (E) (12) (12) (12) (5E) (12) (12) (2AD) (16) (180) (12) (2962) (DAE8) (13) (41) (1A) (37) (1B) (25) (27) (F8) (1AD1) (1D) (14D3) (27) (1EFE) (1981) (14) (612A) (14CF) ]
21:800  0:000   - [change Method(_PTS,1,N) to ZPTS, pair with SSDT-PTSWAK.aml]: pattern 5F505453, patched at: [ (120D3) ]
21:800  0:000   - [change Method(_WAK,1,S) to ZWAK, pair with SSDT-PTSWAK.aml]: pattern 5F57414B, patched at: [ (121E6) ]
21:800  0:000   - [change Method(GPRW,2,N) to XPRW, pair with SSDT-GPRW.aml]: pattern 47505257, patched at: [ (1312B) ]
21:800  0:000   - [change Method(_BIF,0,N) to XBIF]: pattern 5F424946, patched at: [ (F8A7) ]
21:800  0:000   - [change Method(_BST,0,S) to XBST]: pattern 5F425354, patched at: [ (FA76) ]
21:800  0:000   - [change Method(SMTF,1,N) to XMTF]: pattern 534D5446, patched at: [ (FEB4) ]
21:801  0:000   - [change Method(SMTE,1,N) to XMTF]: pattern 534D5445, patched at: [ (FFBD) ]
21:801  0:000   - [change Method(MHPF,1,N) to XHPF]: pattern 4D485046, patched at: [ (10194) ]
21:801  0:000   - [change Method(MHIF,1,N) to XHIF]: pattern 4D484946, patched at: [ (102CD) ]
21:801  0:000   - [change Method(GSBI,1,N) to XSBI]: pattern 47534249, patched at: [ (103F8) ]
21:801  0:000   - [change Method(GBID,0,S) to XBID]: pattern 47424944, patched at: [ (106B8) ]
21:801  0:000   - [change BAT0._STA to BAT0.XSTA]: pattern 143E5F53, patched at: [ (F865) ]
21:802  0:000   - [change EC0 to EC]: pattern 4543305F, patched at: [ (F0BC) (B0E) (1240) (87) (37F) (9A) (FA2) (44F) (61) (1C) (2883) (1D) (1D) (1D) (2B) (33) (1D) (1D) (1D) (2B) ]
21:802  0:000   - [change _DSM to XDSM]: pattern 48454349, patched at: [ (F07B) ]
21:802  0:000   - [change MATH._STA to MATH.XSTA]: pattern 20790014, patched at: [ (11816) ]
21:802  0:000   - [(RP01 only) Rename _RMV to XRMV and use with SSDT-TYPC.aml for USB-C hot plug support]: pattern 30315B82, patched at: [ (144DD) ]
21:802  0:000   - [(RP05 only) Rename RP05.PXSX to RP05.SDXC and use with SSDT-SDXC.aml for SDXC]: pattern 52503035, patched at: [ (1ED5B) (43A) ]
21:802  0:000   - [(RP05 only) Rename RP05PXSX to RP05SDXC and use with SSDT-SDXC.aml for SDXC]: pattern 52503035, patched at: [ (10CBA) (19) (51) (19) (7BB5) (51EB) (1B32) (C) (7E9) ]
21:802  0:000   - [(RP05 only) Rename Device(PXSX) to SDXC and use with SSDT-SDXC.aml for SDXC]: pattern 50585358, patched at: [ (6B18) ]
21:803  0:000    0 replacements
21:803  0:000  found RTC Length not match, Maybe will cause CMOS reset, will patch it.
21:803  0:000  found RTC had IRQNoFlag will move -3 bytes
21:804  0:000  found PIC had IRQNoFlag will move -3 bytes
21:804  0:000  Start HPET Fix
21:805  0:000  PreCleanup XSDT: count=27, length=252
21:805  0:000  PreCleanup XSDT, corrected XSDT: count=27, length=252
21:805  0:000  === [ ACPIDropTables ] ====================================
21:805  0:000  Drop tables from XSDT, SIGN=SSDT TableID=NvOptTbl Length=4816
21:805  0:000   Table[12]: SSDT  NvOptTbl  4816 dropped
21:805  0:000  Patching SSDT DptfTabl Length=20736
21:805  0:000  0. [change _OSI to XOSI]: pattern 5F4F5349, bin not found / already patched!
21:805  0:000  1. [change GFX0 to IGPU]: pattern 47465830, bin not found / already patched!
21:805  0:000  2. [change Method(_PTS,1,N) to ZPTS, pair with SSDT-PTSWAK.aml]: pattern 5F505453, bin not found / already patched!
21:805  0:000  3. [change Method(_WAK,1,S) to ZWAK, pair with SSDT-PTSWAK.aml]: pattern 5F57414B, bin not found / already patched!
21:805  0:000  4. [change Method(GPRW,2,N) to XPRW, pair with SSDT-GPRW.aml]: pattern 47505257, bin not found / already patched!
21:805  0:000  5. [change Method(_BIF,0,N) to XBIF]: pattern 5F424946, bin not found / already patched!
21:805  0:000  6. [change Method(_BST,0,S) to XBST]: pattern 5F425354, bin not found / already patched!
21:805  0:000  7. [change Method(SMTF,1,N) to XMTF]: pattern 534D5446, bin not found / already patched!
21:805  0:000  8. [change Method(SMTE,1,N) to XMTF]: pattern 534D5445, bin not found / already patched!
21:805  0:000  9. [change Method(MHPF,1,N) to XHPF]: pattern 4D485046, bin not found / already patched!
21:805  0:000  10. [change Method(MHIF,1,N) to XHIF]: pattern 4D484946, bin not found / already patched!
21:805  0:000  11. [change Method(GSBI,1,N) to XSBI]: pattern 47534249, bin not found / already patched!
21:805  0:000  12. [change Method(GBID,0,S) to XBID]: pattern 47424944, bin not found / already patched!
21:805  0:000  13. [change BAT0._STA to BAT0.XSTA]: pattern 143E5F53, bin not found / already patched!
21:805  0:000  14. [change EC0 to EC]: pattern 4543305F, patched at: [ (960) (12) (16) (12) (8CC) (DCD) (F12) (30) (74) (7E) (74) ]
21:805  0:000  15. [change _DSM to XDSM]: pattern 48454349, bin not found / already patched!
21:805  0:000  16. [change MATH._STA to MATH.XSTA]: pattern 20790014, bin not found / already patched!
21:805  0:000  17. [(RP01 only) Rename _RMV to XRMV and use with SSDT-TYPC.aml for USB-C hot plug support]: pattern 30315B82, bin not found / already patched!
21:805  0:000  18. [(RP05 only) Rename RP05.PXSX to RP05.SDXC and use with SSDT-SDXC.aml for SDXC]: pattern 52503035, bin not found / already patched!
21:805  0:000  19. [(RP05 only) Rename RP05PXSX to RP05SDXC and use with SSDT-SDXC.aml for SDXC]: pattern 52503035, bin not found / already patched!
21:805  0:000  20. [(RP05 only) Rename Device(PXSX) to SDXC and use with SSDT-SDXC.aml for SDXC]: pattern 50585358, bin not found / already patched!
21:805  0:000    0 replacements
21:805  0:000  Patching SSDT Tpm2Tabl Length=1224
21:805  0:000  0. [change _OSI to XOSI]: pattern 5F4F5349, bin not found / already patched!
21:805  0:000  1. [change GFX0 to IGPU]: pattern 47465830, bin not found / already patched!
21:805  0:000  2. [change Method(_PTS,1,N) to ZPTS, pair with SSDT-PTSWAK.aml]: pattern 5F505453, bin not found / already patched!
21:805  0:000  3. [change Method(_WAK,1,S) to ZWAK, pair with SSDT-PTSWAK.aml]: pattern 5F57414B, bin not found / already patched!
21:805  0:000  4. [change Method(GPRW,2,N) to XPRW, pair with SSDT-GPRW.aml]: pattern 47505257, bin not found / already patched!
21:805  0:000  5. [change Method(_BIF,0,N) to XBIF]: pattern 5F424946, bin not found / already patched!
21:805  0:000  6. [change Method(_BST,0,S) to XBST]: pattern 5F425354, bin not found / already patched!
21:805  0:000  7. [change Method(SMTF,1,N) to XMTF]: pattern 534D5446, bin not found / already patched!
21:805  0:000  8. [change Method(SMTE,1,N) to XMTF]: pattern 534D5445, bin not found / already patched!
21:805  0:000  9. [change Method(MHPF,1,N) to XHPF]: pattern 4D485046, bin not found / already patched!
21:805  0:000  10. [change Method(MHIF,1,N) to XHIF]: pattern 4D484946, bin not found / already patched!
21:805  0:000  11. [change Method(GSBI,1,N) to XSBI]: pattern 47534249, bin not found / already patched!
21:805  0:000  12. [change Method(GBID,0,S) to XBID]: pattern 47424944, bin not found / already patched!
21:805  0:000  13. [change BAT0._STA to BAT0.XSTA]: pattern 143E5F53, bin not found / already patched!
21:805  0:000  14. [change EC0 to EC]: pattern 4543305F, bin not found / already patched!
21:805  0:000  15. [change _DSM to XDSM]: pattern 48454349, bin not found / already patched!
21:805  0:000  16. [change MATH._STA to MATH.XSTA]: pattern 20790014, bin not found / already patched!
21:805  0:000  17. [(RP01 only) Rename _RMV to XRMV and use with SSDT-TYPC.aml for USB-C hot plug support]: pattern 30315B82, bin not found / already patched!
21:805  0:000  18. [(RP05 only) Rename RP05.PXSX to RP05.SDXC and use with SSDT-SDXC.aml for SDXC]: pattern 52503035, bin not found / already patched!
21:805  0:000  19. [(RP05 only) Rename RP05PXSX to RP05SDXC and use with SSDT-SDXC.aml for SDXC]: pattern 52503035, bin not found / already patched!
21:805  0:000  20. [(RP05 only) Rename Device(PXSX) to SDXC and use with SSDT-SDXC.aml for SDXC]: pattern 50585358, bin not found / already patched!
21:805  0:000    0 replacements
21:805  0:000  Found OperationRegion(TPMR, SystemMemory, FED40000, ...)
21:805  0:000  Found OperationRegion(FHCI, SystemMemory, FED40000, ...)
21:805  0:000  Found OperationRegion(TNVS, SystemMemory, 5BD84000, ...)
21:805  0:000  Patching SSDT MeSsdt  Length=70
21:805  0:000  0. [change _OSI to XOSI]: pattern 5F4F5349, bin not found / already patched!
21:805  0:000  1. [change GFX0 to IGPU]: pattern 47465830, bin not found / already patched!
21:805  0:000  2. [change Method(_PTS,1,N) to ZPTS, pair with SSDT-PTSWAK.aml]: pattern 5F505453, bin not found / already patched!
21:805  0:000  3. [change Method(_WAK,1,S) to ZWAK, pair with SSDT-PTSWAK.aml]: pattern 5F57414B, bin not found / already patched!
21:805  0:000  4. [change Method(GPRW,2,N) to XPRW, pair with SSDT-GPRW.aml]: pattern 47505257, bin not found / already patched!
21:805  0:000  5. [change Method(_BIF,0,N) to XBIF]: pattern 5F424946, bin not found / already patched!
21:805  0:000  6. [change Method(_BST,0,S) to XBST]: pattern 5F425354, bin not found / already patched!
21:805  0:000  7. [change Method(SMTF,1,N) to XMTF]: pattern 534D5446, bin not found / already patched!
21:805  0:000  8. [change Method(SMTE,1,N) to XMTF]: pattern 534D5445, bin not found / already patched!
21:805  0:000  9. [change Method(MHPF,1,N) to XHPF]: pattern 4D485046, bin not found / already patched!
21:805  0:000  10. [change Method(MHIF,1,N) to XHIF]: pattern 4D484946, bin not found / already patched!
21:805  0:000  11. [change Method(GSBI,1,N) to XSBI]: pattern 47534249, bin not found / already patched!
21:805  0:000  12. [change Method(GBID,0,S) to XBID]: pattern 47424944, bin not found / already patched!
21:805  0:000  13. [change BAT0._STA to BAT0.XSTA]: pattern 143E5F53, bin not found / already patched!
21:805  0:000  14. [change EC0 to EC]: pattern 4543305F, bin not found / already patched!
21:805  0:000  15. [change _DSM to XDSM]: pattern 48454349, bin not found / already patched!
21:805  0:000  16. [change MATH._STA to MATH.XSTA]: pattern 20790014, bin not found / already patched!
21:805  0:000  17. [(RP01 only) Rename _RMV to XRMV and use with SSDT-TYPC.aml for USB-C hot plug support]: pattern 30315B82, bin not found / already patched!
21:805  0:000  18. [(RP05 only) Rename RP05.PXSX to RP05.SDXC and use with SSDT-SDXC.aml for SDXC]: pattern 52503035, bin not found / already patched!
21:805  0:000  19. [(RP05 only) Rename RP05PXSX to RP05SDXC and use with SSDT-SDXC.aml for SDXC]: pattern 52503035, bin not found / already patched!
21:805  0:000  20. [(RP05 only) Rename Device(PXSX) to SDXC and use with SSDT-SDXC.aml for SDXC]: pattern 50585358, the patch is too large!
21:805  0:000    0 replacements
21:805  0:000  Found OperationRegion(MENV, SystemMemory, 5BE98298, ...)
21:805  0:000  Patching SSDT WmiTable Length=11564
21:805  0:000  0. [change _OSI to XOSI]: pattern 5F4F5349, bin not found / already patched!
21:805  0:000  1. [change GFX0 to IGPU]: pattern 47465830, bin not found / already patched!
21:806  0:000  2. [change Method(_PTS,1,N) to ZPTS, pair with SSDT-PTSWAK.aml]: pattern 5F505453, bin not found / already patched!
21:806  0:000  3. [change Method(_WAK,1,S) to ZWAK, pair with SSDT-PTSWAK.aml]: pattern 5F57414B, bin not found / already patched!
21:806  0:000  4. [change Method(GPRW,2,N) to XPRW, pair with SSDT-GPRW.aml]: pattern 47505257, bin not found / already patched!
21:806  0:000  5. [change Method(_BIF,0,N) to XBIF]: pattern 5F424946, bin not found / already patched!
21:806  0:000  6. [change Method(_BST,0,S) to XBST]: pattern 5F425354, bin not found / already patched!
21:806  0:000  7. [change Method(SMTF,1,N) to XMTF]: pattern 534D5446, bin not found / already patched!
21:806  0:000  8. [change Method(SMTE,1,N) to XMTF]: pattern 534D5445, bin not found / already patched!
21:806  0:000  9. [change Method(MHPF,1,N) to XHPF]: pattern 4D485046, bin not found / already patched!
21:806  0:000  10. [change Method(MHIF,1,N) to XHIF]: pattern 4D484946, bin not found / already patched!
21:806  0:000  11. [change Method(GSBI,1,N) to XSBI]: pattern 47534249, bin not found / already patched!
21:806  0:000  12. [change Method(GBID,0,S) to XBID]: pattern 47424944, bin not found / already patched!
21:806  0:000  13. [change BAT0._STA to BAT0.XSTA]: pattern 143E5F53, bin not found / already patched!
21:806  0:000  14. [change EC0 to EC]: pattern 4543305F, bin not found / already patched!
21:806  0:000  15. [change _DSM to XDSM]: pattern 48454349, bin not found / already patched!
21:806  0:000  16. [change MATH._STA to MATH.XSTA]: pattern 20790014, bin not found / already patched!
21:806  0:000  17. [(RP01 only) Rename _RMV to XRMV and use with SSDT-TYPC.aml for USB-C hot plug support]: pattern 30315B82, bin not found / already patched!
21:806  0:000  18. [(RP05 only) Rename RP05.PXSX to RP05.SDXC and use with SSDT-SDXC.aml for SDXC]: pattern 52503035, bin not found / already patched!
21:806  0:000  19. [(RP05 only) Rename RP05PXSX to RP05SDXC and use with SSDT-SDXC.aml for SDXC]: pattern 52503035, bin not found / already patched!
21:806  0:000  20. [(RP05 only) Rename Device(PXSX) to SDXC and use with SSDT-SDXC.aml for SDXC]: pattern 50585358, bin not found / already patched!
21:806  0:000    0 replacements
21:806  0:000  Found OperationRegion(BNVS, SystemMemory, 5BD81000, ...)
21:806  0:000  Patching SSDT SaSsdt  Length=12565
21:806  0:000  0. [change _OSI to XOSI]: pattern 5F4F5349, bin not found / already patched!
21:806  0:000  1. [change GFX0 to IGPU]: pattern 47465830, patched at: [ (2D) (20) (46) (25A) (1C8C) (A3A) (1D) (6EC) ]
21:806  0:000  2. [change Method(_PTS,1,N) to ZPTS, pair with SSDT-PTSWAK.aml]: pattern 5F505453, bin not found / already patched!
21:806  0:000  3. [change Method(_WAK,1,S) to ZWAK, pair with SSDT-PTSWAK.aml]: pattern 5F57414B, bin not found / already patched!
21:806  0:000  4. [change Method(GPRW,2,N) to XPRW, pair with SSDT-GPRW.aml]: pattern 47505257, bin not found / already patched!
21:806  0:000  5. [change Method(_BIF,0,N) to XBIF]: pattern 5F424946, bin not found / already patched!
21:806  0:000  6. [change Method(_BST,0,S) to XBST]: pattern 5F425354, bin not found / already patched!
21:806  0:000  7. [change Method(SMTF,1,N) to XMTF]: pattern 534D5446, bin not found / already patched!
21:806  0:000  8. [change Method(SMTE,1,N) to XMTF]: pattern 534D5445, bin not found / already patched!
21:806  0:000  9. [change Method(MHPF,1,N) to XHPF]: pattern 4D485046, bin not found / already patched!
21:806  0:000  10. [change Method(MHIF,1,N) to XHIF]: pattern 4D484946, bin not found / already patched!
21:806  0:000  11. [change Method(GSBI,1,N) to XSBI]: pattern 47534249, bin not found / already patched!
21:806  0:000  12. [change Method(GBID,0,S) to XBID]: pattern 47424944, bin not found / already patched!
21:806  0:000  13. [change BAT0._STA to BAT0.XSTA]: pattern 143E5F53, bin not found / already patched!
21:806  0:000  14. [change EC0 to EC]: pattern 4543305F, bin not found / already patched!
21:806  0:000  15. [change _DSM to XDSM]: pattern 48454349, bin not found / already patched!
21:806  0:000  16. [change MATH._STA to MATH.XSTA]: pattern 20790014, bin not found / already patched!
21:806  0:000  17. [(RP01 only) Rename _RMV to XRMV and use with SSDT-TYPC.aml for USB-C hot plug support]: pattern 30315B82, bin not found / already patched!
21:806  0:000  18. [(RP05 only) Rename RP05.PXSX to RP05.SDXC and use with SSDT-SDXC.aml for SDXC]: pattern 52503035, bin not found / already patched!
21:806  0:000  19. [(RP05 only) Rename RP05PXSX to RP05SDXC and use with SSDT-SDXC.aml for SDXC]: pattern 52503035, bin not found / already patched!
21:806  0:000  20. [(RP05 only) Rename Device(PXSX) to SDXC and use with SSDT-SDXC.aml for SDXC]: pattern 50585358, bin not found / already patched!
21:806  0:000    0 replacements
21:806  0:000  Found OperationRegion(SANV, SystemMemory, 5BE98318, ...)
21:806  0:000  Patching SSDT ssdtfile Length=816
21:806  0:000  0. [change _OSI to XOSI]: pattern 5F4F5349, bin not found / already patched!
21:806  0:000  1. [change GFX0 to IGPU]: pattern 47465830, bin not found / already patched!
21:806  0:000  2. [change Method(_PTS,1,N) to ZPTS, pair with SSDT-PTSWAK.aml]: pattern 5F505453, bin not found / already patched!
21:806  0:000  3. [change Method(_WAK,1,S) to ZWAK, pair with SSDT-PTSWAK.aml]: pattern 5F57414B, bin not found / already patched!
21:806  0:000  4. [change Method(GPRW,2,N) to XPRW, pair with SSDT-GPRW.aml]: pattern 47505257, bin not found / already patched!
21:806  0:000  5. [change Method(_BIF,0,N) to XBIF]: pattern 5F424946, bin not found / already patched!
21:806  0:000  6. [change Method(_BST,0,S) to XBST]: pattern 5F425354, bin not found / already patched!
21:806  0:000  7. [change Method(SMTF,1,N) to XMTF]: pattern 534D5446, bin not found / already patched!
21:806  0:000  8. [change Method(SMTE,1,N) to XMTF]: pattern 534D5445, bin not found / already patched!
21:806  0:000  9. [change Method(MHPF,1,N) to XHPF]: pattern 4D485046, bin not found / already patched!
21:806  0:000  10. [change Method(MHIF,1,N) to XHIF]: pattern 4D484946, bin not found / already patched!
21:806  0:000  11. [change Method(GSBI,1,N) to XSBI]: pattern 47534249, bin not found / already patched!
21:806  0:000  12. [change Method(GBID,0,S) to XBID]: pattern 47424944, bin not found / already patched!
21:806  0:000  13. [change BAT0._STA to BAT0.XSTA]: pattern 143E5F53, bin not found / already patched!
21:806  0:000  14. [change EC0 to EC]: pattern 4543305F, bin not found / already patched!
21:806  0:000  15. [change _DSM to XDSM]: pattern 48454349, bin not found / already patched!
21:806  0:000  16. [change MATH._STA to MATH.XSTA]: pattern 20790014, bin not found / already patched!
21:806  0:000  17. [(RP01 only) Rename _RMV to XRMV and use with SSDT-TYPC.aml for USB-C hot plug support]: pattern 30315B82, bin not found / already patched!
21:806  0:000  18. [(RP05 only) Rename RP05.PXSX to RP05.SDXC and use with SSDT-SDXC.aml for SDXC]: pattern 52503035, bin not found / already patched!
21:806  0:000  19. [(RP05 only) Rename RP05PXSX to RP05SDXC and use with SSDT-SDXC.aml for SDXC]: pattern 52503035, bin not found / already patched!
21:806  0:000  20. [(RP05 only) Rename Device(PXSX) to SDXC and use with SSDT-SDXC.aml for SDXC]: pattern 50585358, bin not found / already patched!
21:806  0:000    0 replacements
21:806  0:000  Patching SSDT CpuSsdt Length=3806
21:806  0:000  0. [change _OSI to XOSI]: pattern 5F4F5349, bin not found / already patched!
21:806  0:000  1. [change GFX0 to IGPU]: pattern 47465830, bin not found / already patched!
21:806  0:000  2. [change Method(_PTS,1,N) to ZPTS, pair with SSDT-PTSWAK.aml]: pattern 5F505453, bin not found / already patched!
21:806  0:000  3. [change Method(_WAK,1,S) to ZWAK, pair with SSDT-PTSWAK.aml]: pattern 5F57414B, bin not found / already patched!
21:806  0:000  4. [change Method(GPRW,2,N) to XPRW, pair with SSDT-GPRW.aml]: pattern 47505257, bin not found / already patched!
21:806  0:000  5. [change Method(_BIF,0,N) to XBIF]: pattern 5F424946, bin not found / already patched!
21:806  0:000  6. [change Method(_BST,0,S) to XBST]: pattern 5F425354, bin not found / already patched!
21:806  0:000  7. [change Method(SMTF,1,N) to XMTF]: pattern 534D5446, bin not found / already patched!
21:806  0:000  8. [change Method(SMTE,1,N) to XMTF]: pattern 534D5445, bin not found / already patched!
21:806  0:000  9. [change Method(MHPF,1,N) to XHPF]: pattern 4D485046, bin not found / already patched!
21:806  0:000  10. [change Method(MHIF,1,N) to XHIF]: pattern 4D484946, bin not found / already patched!
21:806  0:000  11. [change Method(GSBI,1,N) to XSBI]: pattern 47534249, bin not found / already patched!
21:806  0:000  12. [change Method(GBID,0,S) to XBID]: pattern 47424944, bin not found / already patched!
21:806  0:000  13. [change BAT0._STA to BAT0.XSTA]: pattern 143E5F53, bin not found / already patched!
21:806  0:000  14. [change EC0 to EC]: pattern 4543305F, bin not found / already patched!
21:806  0:000  15. [change _DSM to XDSM]: pattern 48454349, bin not found / already patched!
21:806  0:000  16. [change MATH._STA to MATH.XSTA]: pattern 20790014, bin not found / already patched!
21:806  0:000  17. [(RP01 only) Rename _RMV to XRMV and use with SSDT-TYPC.aml for USB-C hot plug support]: pattern 30315B82, bin not found / already patched!
21:806  0:000  18. [(RP05 only) Rename RP05.PXSX to RP05.SDXC and use with SSDT-SDXC.aml for SDXC]: pattern 52503035, bin not found / already patched!
21:806  0:000  19. [(RP05 only) Rename RP05PXSX to RP05SDXC and use with SSDT-SDXC.aml for SDXC]: pattern 52503035, bin not found / already patched!
21:806  0:000  20. [(RP05 only) Rename Device(PXSX) to SDXC and use with SSDT-SDXC.aml for SDXC]: pattern 50585358, bin not found / already patched!
21:806  0:000    0 replacements
21:806  0:000  Found OperationRegion(PNVS, SystemMemory, 42C44000, ...)
21:806  0:000  Patching SSDT UsbCTabl Length=4202
21:806  0:000  0. [change _OSI to XOSI]: pattern 5F4F5349, bin not found / already patched!
21:806  0:000  1. [change GFX0 to IGPU]: pattern 47465830, bin not found / already patched!
21:806  0:000  2. [change Method(_PTS,1,N) to ZPTS, pair with SSDT-PTSWAK.aml]: pattern 5F505453, bin not found / already patched!
21:806  0:000  3. [change Method(_WAK,1,S) to ZWAK, pair with SSDT-PTSWAK.aml]: pattern 5F57414B, bin not found / already patched!
21:806  0:000  4. [change Method(GPRW,2,N) to XPRW, pair with SSDT-GPRW.aml]: pattern 47505257, bin not found / already patched!
21:806  0:000  5. [change Method(_BIF,0,N) to XBIF]: pattern 5F424946, bin not found / already patched!
21:806  0:000  6. [change Method(_BST,0,S) to XBST]: pattern 5F425354, bin not found / already patched!
21:806  0:000  7. [change Method(SMTF,1,N) to XMTF]: pattern 534D5446, bin not found / already patched!
21:806  0:000  8. [change Method(SMTE,1,N) to XMTF]: pattern 534D5445, bin not found / already patched!
21:806  0:000  9. [change Method(MHPF,1,N) to XHPF]: pattern 4D485046, bin not found / already patched!
21:806  0:000  10. [change Method(MHIF,1,N) to XHIF]: pattern 4D484946, bin not found / already patched!
21:807  0:000  11. [change Method(GSBI,1,N) to XSBI]: pattern 47534249, bin not found / already patched!
21:807  0:000  12. [change Method(GBID,0,S) to XBID]: pattern 47424944, bin not found / already patched!
21:807  0:000  13. [change BAT0._STA to BAT0.XSTA]: pattern 143E5F53, bin not found / already patched!
21:807  0:000  14. [change EC0 to EC]: pattern 4543305F, bin not found / already patched!
21:807  0:000  15. [change _DSM to XDSM]: pattern 48454349, bin not found / already patched!
21:807  0:000  16. [change MATH._STA to MATH.XSTA]: pattern 20790014, bin not found / already patched!
21:807  0:000  17. [(RP01 only) Rename _RMV to XRMV and use with SSDT-TYPC.aml for USB-C hot plug support]: pattern 30315B82, bin not found / already patched!
21:807  0:000  18. [(RP05 only) Rename RP05.PXSX to RP05.SDXC and use with SSDT-SDXC.aml for SDXC]: pattern 52503035, bin not found / already patched!
21:807  0:000  19. [(RP05 only) Rename RP05PXSX to RP05SDXC and use with SSDT-SDXC.aml for SDXC]: pattern 52503035, bin not found / already patched!
21:807  0:000  20. [(RP05 only) Rename Device(PXSX) to SDXC and use with SSDT-SDXC.aml for SDXC]: pattern 50585358, bin not found / already patched!
21:807  0:000    0 replacements
21:807  0:000  Patching SSDT EInkApp Length=838
21:807  0:000  0. [change _OSI to XOSI]: pattern 5F4F5349, bin not found / already patched!
21:807  0:000  1. [change GFX0 to IGPU]: pattern 47465830, bin not found / already patched!
21:807  0:000  2. [change Method(_PTS,1,N) to ZPTS, pair with SSDT-PTSWAK.aml]: pattern 5F505453, bin not found / already patched!
21:807  0:000  3. [change Method(_WAK,1,S) to ZWAK, pair with SSDT-PTSWAK.aml]: pattern 5F57414B, bin not found / already patched!
21:807  0:000  4. [change Method(GPRW,2,N) to XPRW, pair with SSDT-GPRW.aml]: pattern 47505257, bin not found / already patched!
21:807  0:000  5. [change Method(_BIF,0,N) to XBIF]: pattern 5F424946, bin not found / already patched!
21:807  0:000  6. [change Method(_BST,0,S) to XBST]: pattern 5F425354, bin not found / already patched!
21:807  0:000  7. [change Method(SMTF,1,N) to XMTF]: pattern 534D5446, bin not found / already patched!
21:807  0:000  8. [change Method(SMTE,1,N) to XMTF]: pattern 534D5445, bin not found / already patched!
21:807  0:000  9. [change Method(MHPF,1,N) to XHPF]: pattern 4D485046, bin not found / already patched!
21:807  0:000  10. [change Method(MHIF,1,N) to XHIF]: pattern 4D484946, bin not found / already patched!
21:807  0:000  11. [change Method(GSBI,1,N) to XSBI]: pattern 47534249, bin not found / already patched!
21:807  0:000  12. [change Method(GBID,0,S) to XBID]: pattern 47424944, bin not found / already patched!
21:807  0:000  13. [change BAT0._STA to BAT0.XSTA]: pattern 143E5F53, bin not found / already patched!
21:807  0:000  14. [change EC0 to EC]: pattern 4543305F, bin not found / already patched!
21:807  0:000  15. [change _DSM to XDSM]: pattern 48454349, bin not found / already patched!
21:807  0:000  16. [change MATH._STA to MATH.XSTA]: pattern 20790014, bin not found / already patched!
21:807  0:000  17. [(RP01 only) Rename _RMV to XRMV and use with SSDT-TYPC.aml for USB-C hot plug support]: pattern 30315B82, bin not found / already patched!
21:807  0:000  18. [(RP05 only) Rename RP05.PXSX to RP05.SDXC and use with SSDT-SDXC.aml for SDXC]: pattern 52503035, bin not found / already patched!
21:807  0:000  19. [(RP05 only) Rename RP05PXSX to RP05SDXC and use with SSDT-SDXC.aml for SDXC]: pattern 52503035, bin not found / already patched!
21:807  0:000  20. [(RP05 only) Rename Device(PXSX) to SDXC and use with SSDT-SDXC.aml for SDXC]: pattern 50585358, bin not found / already patched!
21:807  0:000    0 replacements
21:807  0:000  Patching SSDT ADebTabl Length=324
21:807  0:000  0. [change _OSI to XOSI]: pattern 5F4F5349, bin not found / already patched!
21:807  0:000  1. [change GFX0 to IGPU]: pattern 47465830, bin not found / already patched!
21:807  0:000  2. [change Method(_PTS,1,N) to ZPTS, pair with SSDT-PTSWAK.aml]: pattern 5F505453, bin not found / already patched!
21:807  0:000  3. [change Method(_WAK,1,S) to ZWAK, pair with SSDT-PTSWAK.aml]: pattern 5F57414B, bin not found / already patched!
21:807  0:000  4. [change Method(GPRW,2,N) to XPRW, pair with SSDT-GPRW.aml]: pattern 47505257, bin not found / already patched!
21:807  0:000  5. [change Method(_BIF,0,N) to XBIF]: pattern 5F424946, bin not found / already patched!
21:807  0:000  6. [change Method(_BST,0,S) to XBST]: pattern 5F425354, bin not found / already patched!
21:807  0:000  7. [change Method(SMTF,1,N) to XMTF]: pattern 534D5446, bin not found / already patched!
21:807  0:000  8. [change Method(SMTE,1,N) to XMTF]: pattern 534D5445, bin not found / already patched!
21:807  0:000  9. [change Method(MHPF,1,N) to XHPF]: pattern 4D485046, bin not found / already patched!
21:807  0:000  10. [change Method(MHIF,1,N) to XHIF]: pattern 4D484946, bin not found / already patched!
21:807  0:000  11. [change Method(GSBI,1,N) to XSBI]: pattern 47534249, bin not found / already patched!
21:807  0:000  12. [change Method(GBID,0,S) to XBID]: pattern 47424944, bin not found / already patched!
21:807  0:000  13. [change BAT0._STA to BAT0.XSTA]: pattern 143E5F53, bin not found / already patched!
21:807  0:000  14. [change EC0 to EC]: pattern 4543305F, bin not found / already patched!
21:807  0:000  15. [change _DSM to XDSM]: pattern 48454349, bin not found / already patched!
21:807  0:000  16. [change MATH._STA to MATH.XSTA]: pattern 20790014, bin not found / already patched!
21:807  0:000  17. [(RP01 only) Rename _RMV to XRMV and use with SSDT-TYPC.aml for USB-C hot plug support]: pattern 30315B82, bin not found / already patched!
21:807  0:000  18. [(RP05 only) Rename RP05.PXSX to RP05.SDXC and use with SSDT-SDXC.aml for SDXC]: pattern 52503035, bin not found / already patched!
21:807  0:000  19. [(RP05 only) Rename RP05PXSX to RP05SDXC and use with SSDT-SDXC.aml for SDXC]: pattern 52503035, bin not found / already patched!
21:807  0:000  20. [(RP05 only) Rename Device(PXSX) to SDXC and use with SSDT-SDXC.aml for SDXC]: pattern 50585358, bin not found / already patched!
21:807  0:000    0 replacements
21:807  0:000  Found OperationRegion(ADHD, SystemMemory, 5BBF3000, ...)
21:807  0:000  Found OperationRegion(ABLK, SystemMemory, 5BBF3020, ...)
21:807  0:000  === [ ACPIPatchedAML ] ====================================
21:807  0:000  Sorted
21:807  0:000  Inserting table[0]:SSDT-LPC.aml from EFI\CLOVER\ACPI\patched: size=386 ... Success
21:807  0:000  Inserting table[1]:SSDT-XOSI.aml from EFI\CLOVER\ACPI\patched: size=178 ... Success
21:808  0:000  Inserting table[2]:SSDT-PNLF.aml from EFI\CLOVER\ACPI\patched: size=693 ... Success
21:808  0:000  Inserting table[3]:SSDT-ALS0.aml from EFI\CLOVER\ACPI\patched: size=101 ... Success
21:809  0:000  Inserting table[4]:SSDT-BATT.aml from EFI\CLOVER\ACPI\patched: size=4978 ... Success
21:809  0:000  Inserting table[5]:SSDT-SDXC.aml from EFI\CLOVER\ACPI\patched: size=226 ... Success
21:810  0:000  Inserting table[6]:SSDT-TYPC.aml from EFI\CLOVER\ACPI\patched: size=1757 ... Success
21:810  0:000  ApicCPUNum=4
21:810  0:000  Cleanup XSDT: count=34, length=308
21:810  0:000  corrected XSDT count=33, length=300
21:810  0:000  === [ RestSetup macOS ] ===================================
21:810  0:000  --- Custom EDID Table size:128
21:810  0:000  000  |  00  FF  FF  FF  FF  FF  FF  00  06  AF
21:810  0:000  010  |  6F  10  00  00  00  00  00  1A  01  04
21:810  0:000  020  |  A5  19  11  78  02  4A  75  A4  56  52
21:810  0:000  030  |  9C  27  0A  50  54  00  00  00  01  01
21:810  0:000  040  |  01  01  01  01  01  01  01  01  01  01
21:810  0:000  050  |  01  01  01  01  70  94  40  10  B1  80
21:810  0:000  060  |  50  70  28  20  AA  00  FE  A9  00  00
21:810  0:000  070  |  00  18  00  00  00  0F  00  00  00  00
21:810  0:000  080  |  00  00  00  00  00  00  00  00  00  20
21:810  0:000  090  |  00  00  00  FE  00  41  55  4F  0A  20
21:810  0:000  100  |  20  20  20  20  20  20  20  20  00  00
21:810  0:000  110  |  00  FE  00  42  31  32  30  59  41  4E
21:810  0:000  120  |  30  31  2E  30  20  0A  00  08
21:810  0:000      VendorID = 0xAF06 changed to 0x39E6
21:810  0:000      ProductID = 0x106F changed to 0x17AA
21:810  0:000  --- Patched EDID Table size:128
21:810  0:000  000  |  00  FF  FF  FF  FF  FF  FF  00  E6  39
21:810  0:000  010  |  AA  17  00  00  00  00  00  1A  01  04
21:810  0:000  020  |  A5  19  11  78  02  4A  75  A4  56  52
21:810  0:000  030  |  9C  27  0A  50  54  00  00  00  01  01
21:810  0:000  040  |  01  01  01  01  01  01  01  01  01  01
21:810  0:000  050  |  01  01  01  01  70  94  40  10  B1  80
21:810  0:000  060  |  50  70  28  20  AA  00  FE  A9  00  00
21:810  0:000  070  |  00  18  00  00  00  0F  00  00  00  00
21:810  0:000  080  |  00  00  00  00  00  00  00  00  00  20
21:810  0:000  090  |  00  00  00  FE  00  41  55  4F  0A  20
21:810  0:000  100  |  20  20  20  20  20  20  20  20  00  00
21:810  0:000  110  |  00  FE  00  42  31  32  30  59  41  4E
21:810  0:000  120  |  30  31  2E  30  20  0A  00  5C
21:810  0:000  add device: PciRoot(0x0)/Pci(0x2,0x0)
21:810  0:000     Add key=framebuffer-stolenmem valuelen=4
21:810  0:000     Add key=framebuffer-patch-enable valuelen=4
21:810  0:000     Add key=framebuffer-fbmem valuelen=4
21:810  0:000     Add key=AAPL,ig-platform-id valuelen=4
21:810  0:000  Intel GFX injection not set
21:810  0:000  Intel GFX IntelBacklight
21:810  0:000    LEV2 = 0x80000000, LEVL = 0x0, P0BL = 0x59F, GRAN = 0x0
21:810  0:000    LEVW = 0x80000000, LEVX = 0x6820682, LEVD = 0xFD, PCHL = 0x0
21:810  0:000    Write macOS LEVW: 0xC0000000
21:810  0:000    Read default Framebuffer LEVX: 0x56C
21:810  0:000    Write new LEVX: 0x56C056C
21:813  0:002   RCBA disabled; cannot use it
21:813  0:000   setting specified layout-id=3 (0x3)
21:813  0:000  stringlength = 840
21:813  0:000  CurrentMode: Width=2880 Height=1920
21:813  0:000  Beginning FSInjection
FSInjectionInstall ...
- Our FSI_SIMPLE_FILE_SYSTEM_PROTOCOL installed on handle: 56B78318
FSInjectionInstall ...
- Our FSI_SIMPLE_FILE_SYSTEM_PROTOCOL installed on handle: 56B78318
21:813  0:000  Use origin smbios table type 1 guid.
21:816  0:002    Force kext: System\Library\Extensions\IONetworkingFamily.kext
21:826  0:009      Force PlugIn kext: System\Library\Extensions\IONetworkingFamily.kext\Contents\PlugIns\AppleEthernetAquantiaAqtion.kext
21:836  0:010      Force PlugIn kext: System\Library\Extensions\IONetworkingFamily.kext\Contents\PlugIns\AppleBCM5701Ethernet.kext
21:847  0:011      Force PlugIn kext: System\Library\Extensions\IONetworkingFamily.kext\Contents\PlugIns\AppleIntelI210Ethernet.kext
21:855  0:007      Force PlugIn kext: System\Library\Extensions\IONetworkingFamily.kext\Contents\PlugIns\Intel82574L.kext
21:863  0:008      Force PlugIn kext: System\Library\Extensions\IONetworkingFamily.kext\Contents\PlugIns\IOEthernetAVBController.kext
21:868  0:005      Force PlugIn kext: System\Library\Extensions\IONetworkingFamily.kext\Contents\PlugIns\AppleEthernetAquantiaAqtionFirmware.kext
21:875  0:006      Force PlugIn kext: System\Library\Extensions\IONetworkingFamily.kext\Contents\PlugIns\AppleIntel8254XEthernet.kext
21:882  0:006      Force PlugIn kext: System\Library\Extensions\IONetworkingFamily.kext\Contents\PlugIns\AppleVmxnet3Ethernet.kext
21:888  0:006      Force PlugIn kext: System\Library\Extensions\IONetworkingFamily.kext\Contents\PlugIns\mDNSOffloadUserClient.kext
21:893  0:005  Preparing kexts injection for arch=x86_64 from EFI\CLOVER\kexts\Other
21:893  0:000  Extra kext: EFI\CLOVER\kexts\Other\SMCSuperIO.kext (v.1.0.9)
21:900  0:006  Extra kext: EFI\CLOVER\kexts\Other\SMCProcessor.kext (v.1.0.9)
21:907  0:007  Extra kext: EFI\CLOVER\kexts\Other\HibernationFixup.kext (v.1.2.5)
21:914  0:006  Extra kext: EFI\CLOVER\kexts\Other\AppleBacklightInjector.kext (v.0.9.0)
21:917  0:003  Extra kext: EFI\CLOVER\kexts\Other\SMCLightSensor.kext (v.1)
21:923  0:006  Extra kext: EFI\CLOVER\kexts\Other\CodecCommander.kext (v.2.7.1)
21:934  0:011  Extra kext: EFI\CLOVER\kexts\Other\VirtualSMC.kext (v.1.0.9)
21:944  0:009  Extra kext: EFI\CLOVER\kexts\Other\SMCBatteryManager.kext (v.1)
21:950  0:006  Extra kext: EFI\CLOVER\kexts\Other\FakePCIID_Broadcom_WiFi.kext (v.1.3.15)
21:955  0:005  Extra kext: EFI\CLOVER\kexts\Other\WhateverGreen.kext (v.1.3.4)
21:964  0:008  Extra kext: EFI\CLOVER\kexts\Other\CPUFriend.kext (v.1.1.4)
21:972  0:007  Extra kext: EFI\CLOVER\kexts\Other\BrcmPatchRAM3.kext (v.2.3.0d3)
22:034  0:061  Extra kext: EFI\CLOVER\kexts\Other\BrcmFirmwareData.kext (v.2.3.0d3)
22:042  0:008  Extra kext: EFI\CLOVER\kexts\Other\SATA-100-series-unsupported.kext (v.0.5.1)
22:045  0:003  Extra kext: EFI\CLOVER\kexts\Other\BrcmBluetoothInjector.kext (v.2.3.0d3)
22:093  0:047  Extra kext: EFI\CLOVER\kexts\Other\VoodooPS2Controller.kext (v.1.9.2)
22:102  0:009    |-- PlugIn kext: EFI\CLOVER\kexts\Other\VoodooPS2Controller.kext\Contents\PlugIns\VoodooPS2Mouse.kext (v.1.9.2)
22:112  0:009    |-- PlugIn kext: EFI\CLOVER\kexts\Other\VoodooPS2Controller.kext\Contents\PlugIns\VoodooPS2Keyboard.kext (v.1.9.2)
22:135  0:023    |-- PlugIn kext: EFI\CLOVER\kexts\Other\VoodooPS2Controller.kext\Contents\PlugIns\VoodooPS2Trackpad.kext (v.1.9.2)
22:157  0:022  Extra kext: EFI\CLOVER\kexts\Other\USBPorts.kext (v.1.0)
22:162  0:004  Extra kext: EFI\CLOVER\kexts\Other\Lilu.kext (v.1.3.9)
22:170  0:007  Extra kext: EFI\CLOVER\kexts\Other\AppleALC.kext (v.1.4.3)
22:855  0:685  SetScreenResolution: 2880x1920 - already set
22:855  0:000  Custom boot is disabled
22:856  0:000  Closing log
